{"/home/pipo/Documents/autoecole/auto-ecole_backend/app.js": {"path":"/home/pipo/Documents/autoecole/auto-ecole_backend/app.js","statementMap":{"0":{"start":{"line":2,"column":16},"end":{"line":2,"column":34}},"1":{"start":{"line":3,"column":13},"end":{"line":3,"column":28}},"2":{"start":{"line":4,"column":12},"end":{"line":4,"column":21}},"3":{"start":{"line":6,"column":15},"end":{"line":6,"column":37}},"4":{"start":{"line":8,"column":11},"end":{"line":8,"column":46}},"5":{"start":{"line":10,"column":0},"end":{"line":10,"column":12}},"6":{"start":{"line":12,"column":13},"end":{"line":12,"column":28}},"7":{"start":{"line":13,"column":0},"end":{"line":13,"column":16}},"8":{"start":{"line":15,"column":19},"end":{"line":15,"column":48}},"9":{"start":{"line":16,"column":0},"end":{"line":16,"column":22}},"10":{"start":{"line":18,"column":0},"end":{"line":18,"column":33}},"11":{"start":{"line":20,"column":36},"end":{"line":20,"column":64}},"12":{"start":{"line":21,"column":0},"end":{"line":21,"column":18}},"13":{"start":{"line":23,"column":0},"end":{"line":23,"column":33}},"14":{"start":{"line":25,"column":0},"end":{"line":25,"column":26}},"15":{"start":{"line":27,"column":0},"end":{"line":27,"column":31}},"16":{"start":{"line":29,"column":18},"end":{"line":29,"column":48}},"17":{"start":{"line":30,"column":0},"end":{"line":30,"column":12}},"18":{"start":{"line":32,"column":13},"end":{"line":32,"column":37}},"19":{"start":{"line":33,"column":13},"end":{"line":33,"column":83}},"20":{"start":{"line":33,"column":39},"end":{"line":33,"column":82}},"21":{"start":{"line":35,"column":0},"end":{"line":35,"column":22}}},"fnMap":{"0":{"name":"(anonymous_0)","decl":{"start":{"line":33,"column":33},"end":{"line":33,"column":34}},"loc":{"start":{"line":33,"column":39},"end":{"line":33,"column":82}},"line":33}},"branchMap":{"0":{"loc":{"start":{"line":32,"column":13},"end":{"line":32,"column":37}},"type":"binary-expr","locations":[{"start":{"line":32,"column":13},"end":{"line":32,"column":29}},{"start":{"line":32,"column":33},"end":{"line":32,"column":37}}],"line":32}},"s":{"0":5,"1":5,"2":5,"3":5,"4":5,"5":5,"6":5,"7":5,"8":5,"9":5,"10":5,"11":5,"12":5,"13":5,"14":5,"15":5,"16":5,"17":5,"18":5,"19":5,"20":5,"21":5},"f":{"0":5},"b":{"0":[5,5]},"_coverageSchema":"43e27e138ebf9cfc5966b082cf9a028302ed4184","hash":"778620a6edf7db1b00381921c940ca729c71de7d"}
,"/home/pipo/Documents/autoecole/auto-ecole_backend/middleware/authorization.js": {"path":"/home/pipo/Documents/autoecole/auto-ecole_backend/middleware/authorization.js","statementMap":{"0":{"start":{"line":1,"column":14},"end":{"line":1,"column":37}},"1":{"start":{"line":2,"column":17},"end":{"line":2,"column":34}},"2":{"start":{"line":3,"column":22},"end":{"line":3,"column":59}},"3":{"start":{"line":4,"column":12},"end":{"line":4,"column":29}},"4":{"start":{"line":6,"column":23},"end":{"line":18,"column":3}},"5":{"start":{"line":20,"column":23},"end":{"line":34,"column":3}},"6":{"start":{"line":36,"column":24},"end":{"line":60,"column":3}},"7":{"start":{"line":62,"column":22},"end":{"line":113,"column":3}},"8":{"start":{"line":115,"column":2},"end":{"line":168,"column":4}},"9":{"start":{"line":116,"column":4},"end":{"line":116,"column":54}},"10":{"start":{"line":117,"column":6},"end":{"line":117,"column":60}},"11":{"start":{"line":119,"column":4},"end":{"line":119,"column":48}},"12":{"start":{"line":119,"column":34},"end":{"line":119,"column":48}},"13":{"start":{"line":121,"column":4},"end":{"line":124,"column":5}},"14":{"start":{"line":122,"column":8},"end":{"line":122,"column":63}},"15":{"start":{"line":123,"column":8},"end":{"line":123,"column":22}},"16":{"start":{"line":126,"column":18},"end":{"line":126,"column":45}},"17":{"start":{"line":127,"column":4},"end":{"line":127,"column":80}},"18":{"start":{"line":127,"column":16},"end":{"line":127,"column":80}},"19":{"start":{"line":129,"column":4},"end":{"line":167,"column":5}},"20":{"start":{"line":132,"column":8},"end":{"line":132,"column":66}},"21":{"start":{"line":133,"column":8},"end":{"line":133,"column":42}},"22":{"start":{"line":134,"column":8},"end":{"line":134,"column":69}},"23":{"start":{"line":136,"column":8},"end":{"line":141,"column":9}},"24":{"start":{"line":139,"column":12},"end":{"line":139,"column":65}},"25":{"start":{"line":140,"column":12},"end":{"line":140,"column":26}},"26":{"start":{"line":143,"column":8},"end":{"line":143,"column":81}},"27":{"start":{"line":143,"column":34},"end":{"line":143,"column":41}},"28":{"start":{"line":144,"column":8},"end":{"line":150,"column":9}},"29":{"start":{"line":146,"column":12},"end":{"line":146,"column":66}},"30":{"start":{"line":147,"column":12},"end":{"line":148,"column":50}},"31":{"start":{"line":147,"column":40},"end":{"line":147,"column":79}},"32":{"start":{"line":148,"column":17},"end":{"line":148,"column":50}},"33":{"start":{"line":149,"column":12},"end":{"line":149,"column":26}},"34":{"start":{"line":152,"column":8},"end":{"line":152,"column":82}},"35":{"start":{"line":152,"column":35},"end":{"line":152,"column":42}},"36":{"start":{"line":153,"column":8},"end":{"line":158,"column":9}},"37":{"start":{"line":155,"column":12},"end":{"line":155,"column":67}},"38":{"start":{"line":156,"column":12},"end":{"line":156,"column":80}},"39":{"start":{"line":156,"column":41},"end":{"line":156,"column":80}},"40":{"start":{"line":157,"column":12},"end":{"line":157,"column":26}},"41":{"start":{"line":159,"column":8},"end":{"line":162,"column":9}},"42":{"start":{"line":160,"column":12},"end":{"line":160,"column":50}},"43":{"start":{"line":161,"column":12},"end":{"line":161,"column":67}},"44":{"start":{"line":163,"column":8},"end":{"line":163,"column":58}},"45":{"start":{"line":164,"column":8},"end":{"line":164,"column":90}},"46":{"start":{"line":166,"column":8},"end":{"line":166,"column":56}},"47":{"start":{"line":171,"column":4},"end":{"line":171,"column":90}}},"fnMap":{"0":{"name":"(anonymous_0)","decl":{"start":{"line":115,"column":19},"end":{"line":115,"column":20}},"loc":{"start":{"line":115,"column":44},"end":{"line":168,"column":3}},"line":115},"1":{"name":"(anonymous_1)","decl":{"start":{"line":143,"column":29},"end":{"line":143,"column":30}},"loc":{"start":{"line":143,"column":34},"end":{"line":143,"column":41}},"line":143},"2":{"name":"(anonymous_2)","decl":{"start":{"line":152,"column":30},"end":{"line":152,"column":31}},"loc":{"start":{"line":152,"column":35},"end":{"line":152,"column":42}},"line":152},"3":{"name":"compact","decl":{"start":{"line":170,"column":12},"end":{"line":170,"column":19}},"loc":{"start":{"line":170,"column":33},"end":{"line":172,"column":3}},"line":170}},"branchMap":{"0":{"loc":{"start":{"line":119,"column":4},"end":{"line":119,"column":48}},"type":"if","locations":[{"start":{"line":119,"column":4},"end":{"line":119,"column":48}},{"start":{"line":119,"column":4},"end":{"line":119,"column":48}}],"line":119},"1":{"loc":{"start":{"line":121,"column":4},"end":{"line":124,"column":5}},"type":"if","locations":[{"start":{"line":121,"column":4},"end":{"line":124,"column":5}},{"start":{"line":121,"column":4},"end":{"line":124,"column":5}}],"line":121},"2":{"loc":{"start":{"line":127,"column":4},"end":{"line":127,"column":80}},"type":"if","locations":[{"start":{"line":127,"column":4},"end":{"line":127,"column":80}},{"start":{"line":127,"column":4},"end":{"line":127,"column":80}}],"line":127},"3":{"loc":{"start":{"line":136,"column":8},"end":{"line":141,"column":9}},"type":"if","locations":[{"start":{"line":136,"column":8},"end":{"line":141,"column":9}},{"start":{"line":136,"column":8},"end":{"line":141,"column":9}}],"line":136},"4":{"loc":{"start":{"line":136,"column":12},"end":{"line":137,"column":69}},"type":"binary-expr","locations":[{"start":{"line":136,"column":12},"end":{"line":136,"column":61}},{"start":{"line":137,"column":15},"end":{"line":137,"column":69}}],"line":136},"5":{"loc":{"start":{"line":144,"column":8},"end":{"line":150,"column":9}},"type":"if","locations":[{"start":{"line":144,"column":8},"end":{"line":150,"column":9}},{"start":{"line":144,"column":8},"end":{"line":150,"column":9}}],"line":144},"6":{"loc":{"start":{"line":144,"column":12},"end":{"line":144,"column":72}},"type":"binary-expr","locations":[{"start":{"line":144,"column":12},"end":{"line":144,"column":62}},{"start":{"line":144,"column":66},"end":{"line":144,"column":72}}],"line":144},"7":{"loc":{"start":{"line":147,"column":12},"end":{"line":148,"column":50}},"type":"if","locations":[{"start":{"line":147,"column":12},"end":{"line":148,"column":50}},{"start":{"line":147,"column":12},"end":{"line":148,"column":50}}],"line":147},"8":{"loc":{"start":{"line":153,"column":8},"end":{"line":158,"column":9}},"type":"if","locations":[{"start":{"line":153,"column":8},"end":{"line":158,"column":9}},{"start":{"line":153,"column":8},"end":{"line":158,"column":9}}],"line":153},"9":{"loc":{"start":{"line":153,"column":12},"end":{"line":153,"column":73}},"type":"binary-expr","locations":[{"start":{"line":153,"column":12},"end":{"line":153,"column":63}},{"start":{"line":153,"column":67},"end":{"line":153,"column":73}}],"line":153},"10":{"loc":{"start":{"line":156,"column":12},"end":{"line":156,"column":80}},"type":"if","locations":[{"start":{"line":156,"column":12},"end":{"line":156,"column":80}},{"start":{"line":156,"column":12},"end":{"line":156,"column":80}}],"line":156},"11":{"loc":{"start":{"line":159,"column":8},"end":{"line":162,"column":9}},"type":"if","locations":[{"start":{"line":159,"column":8},"end":{"line":162,"column":9}},{"start":{"line":159,"column":8},"end":{"line":162,"column":9}}],"line":159}},"s":{"0":6,"1":6,"2":6,"3":6,"4":6,"5":6,"6":6,"7":6,"8":6,"9":73,"10":73,"11":73,"12":2,"13":71,"14":12,"15":12,"16":59,"17":59,"18":1,"19":58,"20":58,"21":57,"22":57,"23":57,"24":31,"25":31,"26":26,"27":338,"28":26,"29":13,"30":13,"31":2,"32":11,"33":13,"34":13,"35":286,"36":13,"37":7,"38":7,"39":2,"40":7,"41":6,"42":5,"43":5,"44":1,"45":1,"46":1,"47":218},"f":{"0":73,"1":338,"2":286,"3":218},"b":{"0":[2,71],"1":[12,59],"2":[1,58],"3":[31,26],"4":[57,35],"5":[13,13],"6":[26,13],"7":[2,11],"8":[7,6],"9":[13,7],"10":[2,5],"11":[5,1]},"_coverageSchema":"43e27e138ebf9cfc5966b082cf9a028302ed4184","hash":"ad6100d6a5e6e5e044a5738eb729e622cb024f76"}
,"/home/pipo/Documents/autoecole/auto-ecole_backend/middleware/error.js": {"path":"/home/pipo/Documents/autoecole/auto-ecole_backend/middleware/error.js","statementMap":{"0":{"start":{"line":1,"column":17},"end":{"line":1,"column":46}},"1":{"start":{"line":2,"column":0},"end":{"line":10,"column":2}},"2":{"start":{"line":4,"column":4},"end":{"line":8,"column":7}},"3":{"start":{"line":9,"column":4},"end":{"line":9,"column":51}}},"fnMap":{"0":{"name":"(anonymous_0)","decl":{"start":{"line":2,"column":17},"end":{"line":2,"column":18}},"loc":{"start":{"line":2,"column":42},"end":{"line":10,"column":1}},"line":2}},"branchMap":{},"s":{"0":6,"1":6,"2":2,"3":2},"f":{"0":2},"b":{},"_coverageSchema":"43e27e138ebf9cfc5966b082cf9a028302ed4184","hash":"27782c4acf05008363509353ad95d0d48282942c"}
,"/home/pipo/Documents/autoecole/auto-ecole_backend/middleware/isFullReservation.js": {"path":"/home/pipo/Documents/autoecole/auto-ecole_backend/middleware/isFullReservation.js","statementMap":{"0":{"start":{"line":1,"column":0},"end":{"line":4,"column":2}},"1":{"start":{"line":2,"column":4},"end":{"line":2,"column":85}},"2":{"start":{"line":3,"column":4},"end":{"line":3,"column":11}}},"fnMap":{"0":{"name":"(anonymous_0)","decl":{"start":{"line":1,"column":17},"end":{"line":1,"column":18}},"loc":{"start":{"line":1,"column":43},"end":{"line":4,"column":1}},"line":1}},"branchMap":{},"s":{"0":6,"1":14,"2":14},"f":{"0":14},"b":{},"_coverageSchema":"43e27e138ebf9cfc5966b082cf9a028302ed4184","hash":"81f8f39293bdb69b11adeb7eb59ddb807e17d6d6"}
,"/home/pipo/Documents/autoecole/auto-ecole_backend/middleware/notify.js": {"path":"/home/pipo/Documents/autoecole/auto-ecole_backend/middleware/notify.js","statementMap":{"0":{"start":{"line":1,"column":20},"end":{"line":1,"column":50}},"1":{"start":{"line":2,"column":16},"end":{"line":2,"column":41}},"2":{"start":{"line":5,"column":0},"end":{"line":48,"column":2}},"3":{"start":{"line":7,"column":4},"end":{"line":7,"column":26}},"4":{"start":{"line":9,"column":4},"end":{"line":47,"column":6}},"5":{"start":{"line":11,"column":8},"end":{"line":11,"column":64}},"6":{"start":{"line":17,"column":8},"end":{"line":17,"column":47}},"7":{"start":{"line":19,"column":8},"end":{"line":19,"column":55}},"8":{"start":{"line":21,"column":8},"end":{"line":39,"column":11}},"9":{"start":{"line":22,"column":12},"end":{"line":22,"column":90}},"10":{"start":{"line":23,"column":12},"end":{"line":23,"column":102}},"11":{"start":{"line":25,"column":12},"end":{"line":30,"column":13}},"12":{"start":{"line":25,"column":44},"end":{"line":25,"column":68}},"13":{"start":{"line":27,"column":16},"end":{"line":27,"column":42}},"14":{"start":{"line":28,"column":16},"end":{"line":28,"column":44}},"15":{"start":{"line":32,"column":12},"end":{"line":34,"column":13}},"16":{"start":{"line":33,"column":16},"end":{"line":33,"column":76}},"17":{"start":{"line":36,"column":12},"end":{"line":36,"column":74}},"18":{"start":{"line":37,"column":12},"end":{"line":38,"column":64}},"19":{"start":{"line":41,"column":8},"end":{"line":46,"column":11}},"20":{"start":{"line":42,"column":12},"end":{"line":42,"column":61}},"21":{"start":{"line":44,"column":12},"end":{"line":44,"column":86}},"22":{"start":{"line":44,"column":60},"end":{"line":44,"column":84}},"23":{"start":{"line":45,"column":12},"end":{"line":45,"column":74}},"24":{"start":{"line":52,"column":0},"end":{"line":63,"column":2}},"25":{"start":{"line":53,"column":4},"end":{"line":53,"column":34}},"26":{"start":{"line":54,"column":18},"end":{"line":59,"column":6}},"27":{"start":{"line":60,"column":4},"end":{"line":60,"column":23}},"28":{"start":{"line":61,"column":4},"end":{"line":62,"column":29}},"29":{"start":{"line":65,"column":0},"end":{"line":78,"column":2}},"30":{"start":{"line":66,"column":4},"end":{"line":66,"column":43}},"31":{"start":{"line":67,"column":4},"end":{"line":67,"column":83}},"32":{"start":{"line":68,"column":18},"end":{"line":74,"column":6}},"33":{"start":{"line":75,"column":4},"end":{"line":75,"column":23}},"34":{"start":{"line":76,"column":4},"end":{"line":77,"column":29}},"35":{"start":{"line":80,"column":0},"end":{"line":96,"column":2}},"36":{"start":{"line":81,"column":4},"end":{"line":81,"column":46}},"37":{"start":{"line":83,"column":18},"end":{"line":90,"column":6}},"38":{"start":{"line":92,"column":4},"end":{"line":92,"column":23}},"39":{"start":{"line":94,"column":4},"end":{"line":95,"column":29}},"40":{"start":{"line":98,"column":0},"end":{"line":114,"column":2}},"41":{"start":{"line":99,"column":4},"end":{"line":99,"column":37}},"42":{"start":{"line":101,"column":18},"end":{"line":108,"column":6}},"43":{"start":{"line":110,"column":4},"end":{"line":110,"column":23}},"44":{"start":{"line":112,"column":4},"end":{"line":113,"column":29}},"45":{"start":{"line":116,"column":0},"end":{"line":131,"column":2}},"46":{"start":{"line":117,"column":4},"end":{"line":117,"column":39}},"47":{"start":{"line":119,"column":18},"end":{"line":125,"column":6}},"48":{"start":{"line":127,"column":4},"end":{"line":127,"column":23}},"49":{"start":{"line":129,"column":4},"end":{"line":130,"column":29}},"50":{"start":{"line":135,"column":0},"end":{"line":155,"column":2}},"51":{"start":{"line":136,"column":4},"end":{"line":136,"column":35}},"52":{"start":{"line":138,"column":16},"end":{"line":144,"column":6}},"53":{"start":{"line":146,"column":4},"end":{"line":146,"column":23}},"54":{"start":{"line":148,"column":31},"end":{"line":149,"column":49}},"55":{"start":{"line":149,"column":21},"end":{"line":149,"column":48}},"56":{"start":{"line":150,"column":4},"end":{"line":153,"column":5}},"57":{"start":{"line":151,"column":8},"end":{"line":152,"column":33}},"58":{"start":{"line":157,"column":0},"end":{"line":179,"column":2}},"59":{"start":{"line":158,"column":4},"end":{"line":158,"column":43}},"60":{"start":{"line":160,"column":16},"end":{"line":167,"column":6}},"61":{"start":{"line":169,"column":4},"end":{"line":169,"column":23}},"62":{"start":{"line":171,"column":31},"end":{"line":172,"column":49}},"63":{"start":{"line":172,"column":21},"end":{"line":172,"column":48}},"64":{"start":{"line":173,"column":4},"end":{"line":176,"column":5}},"65":{"start":{"line":174,"column":8},"end":{"line":175,"column":33}},"66":{"start":{"line":181,"column":0},"end":{"line":202,"column":2}},"67":{"start":{"line":182,"column":4},"end":{"line":182,"column":38}},"68":{"start":{"line":184,"column":19},"end":{"line":184,"column":90}},"69":{"start":{"line":186,"column":18},"end":{"line":192,"column":6}},"70":{"start":{"line":194,"column":4},"end":{"line":194,"column":23}},"71":{"start":{"line":196,"column":31},"end":{"line":197,"column":49}},"72":{"start":{"line":197,"column":21},"end":{"line":197,"column":48}},"73":{"start":{"line":198,"column":4},"end":{"line":201,"column":5}},"74":{"start":{"line":199,"column":8},"end":{"line":200,"column":33}},"75":{"start":{"line":204,"column":0},"end":{"line":224,"column":2}},"76":{"start":{"line":205,"column":4},"end":{"line":205,"column":46}},"77":{"start":{"line":207,"column":18},"end":{"line":214,"column":6}},"78":{"start":{"line":216,"column":4},"end":{"line":216,"column":23}},"79":{"start":{"line":218,"column":31},"end":{"line":219,"column":49}},"80":{"start":{"line":219,"column":21},"end":{"line":219,"column":48}},"81":{"start":{"line":220,"column":4},"end":{"line":223,"column":5}},"82":{"start":{"line":221,"column":8},"end":{"line":222,"column":33}},"83":{"start":{"line":226,"column":0},"end":{"line":247,"column":2}},"84":{"start":{"line":227,"column":4},"end":{"line":227,"column":42}},"85":{"start":{"line":229,"column":16},"end":{"line":236,"column":6}},"86":{"start":{"line":238,"column":4},"end":{"line":238,"column":23}},"87":{"start":{"line":240,"column":31},"end":{"line":241,"column":49}},"88":{"start":{"line":241,"column":21},"end":{"line":241,"column":48}},"89":{"start":{"line":242,"column":4},"end":{"line":245,"column":5}},"90":{"start":{"line":243,"column":8},"end":{"line":244,"column":33}},"91":{"start":{"line":249,"column":0},"end":{"line":269,"column":2}},"92":{"start":{"line":250,"column":4},"end":{"line":250,"column":32}},"93":{"start":{"line":252,"column":16},"end":{"line":258,"column":6}},"94":{"start":{"line":260,"column":4},"end":{"line":260,"column":23}},"95":{"start":{"line":262,"column":31},"end":{"line":263,"column":49}},"96":{"start":{"line":263,"column":21},"end":{"line":263,"column":48}},"97":{"start":{"line":264,"column":4},"end":{"line":267,"column":5}},"98":{"start":{"line":265,"column":8},"end":{"line":266,"column":33}},"99":{"start":{"line":271,"column":0},"end":{"line":293,"column":2}},"100":{"start":{"line":272,"column":4},"end":{"line":272,"column":40}},"101":{"start":{"line":274,"column":16},"end":{"line":281,"column":6}},"102":{"start":{"line":283,"column":4},"end":{"line":283,"column":23}},"103":{"start":{"line":285,"column":31},"end":{"line":286,"column":49}},"104":{"start":{"line":286,"column":21},"end":{"line":286,"column":48}},"105":{"start":{"line":287,"column":4},"end":{"line":290,"column":5}},"106":{"start":{"line":288,"column":8},"end":{"line":289,"column":33}},"107":{"start":{"line":295,"column":0},"end":{"line":316,"column":2}},"108":{"start":{"line":296,"column":4},"end":{"line":296,"column":39}},"109":{"start":{"line":298,"column":16},"end":{"line":305,"column":6}},"110":{"start":{"line":307,"column":4},"end":{"line":307,"column":23}},"111":{"start":{"line":309,"column":31},"end":{"line":310,"column":49}},"112":{"start":{"line":310,"column":21},"end":{"line":310,"column":48}},"113":{"start":{"line":311,"column":4},"end":{"line":314,"column":5}},"114":{"start":{"line":312,"column":8},"end":{"line":313,"column":33}},"115":{"start":{"line":318,"column":0},"end":{"line":337,"column":2}},"116":{"start":{"line":319,"column":4},"end":{"line":319,"column":38}},"117":{"start":{"line":321,"column":18},"end":{"line":327,"column":6}},"118":{"start":{"line":329,"column":4},"end":{"line":329,"column":23}},"119":{"start":{"line":331,"column":31},"end":{"line":332,"column":49}},"120":{"start":{"line":332,"column":21},"end":{"line":332,"column":48}},"121":{"start":{"line":333,"column":4},"end":{"line":336,"column":5}},"122":{"start":{"line":334,"column":8},"end":{"line":335,"column":33}}},"fnMap":{"0":{"name":"(anonymous_0)","decl":{"start":{"line":5,"column":25},"end":{"line":5,"column":26}},"loc":{"start":{"line":5,"column":33},"end":{"line":48,"column":1}},"line":5},"1":{"name":"(anonymous_1)","decl":{"start":{"line":9,"column":24},"end":{"line":9,"column":25}},"loc":{"start":{"line":9,"column":42},"end":{"line":47,"column":5}},"line":9},"2":{"name":"(anonymous_2)","decl":{"start":{"line":21,"column":31},"end":{"line":21,"column":32}},"loc":{"start":{"line":21,"column":47},"end":{"line":39,"column":9}},"line":21},"3":{"name":"(anonymous_3)","decl":{"start":{"line":25,"column":39},"end":{"line":25,"column":40}},"loc":{"start":{"line":25,"column":44},"end":{"line":25,"column":68}},"line":25},"4":{"name":"(anonymous_4)","decl":{"start":{"line":41,"column":32},"end":{"line":41,"column":33}},"loc":{"start":{"line":41,"column":44},"end":{"line":46,"column":9}},"line":41},"5":{"name":"(anonymous_5)","decl":{"start":{"line":44,"column":55},"end":{"line":44,"column":56}},"loc":{"start":{"line":44,"column":60},"end":{"line":44,"column":84}},"line":44},"6":{"name":"(anonymous_6)","decl":{"start":{"line":52,"column":32},"end":{"line":52,"column":33}},"loc":{"start":{"line":52,"column":55},"end":{"line":63,"column":1}},"line":52},"7":{"name":"(anonymous_7)","decl":{"start":{"line":65,"column":41},"end":{"line":65,"column":42}},"loc":{"start":{"line":65,"column":65},"end":{"line":78,"column":1}},"line":65},"8":{"name":"(anonymous_8)","decl":{"start":{"line":80,"column":44},"end":{"line":80,"column":45}},"loc":{"start":{"line":80,"column":68},"end":{"line":96,"column":1}},"line":80},"9":{"name":"(anonymous_9)","decl":{"start":{"line":98,"column":35},"end":{"line":98,"column":36}},"loc":{"start":{"line":98,"column":61},"end":{"line":114,"column":1}},"line":98},"10":{"name":"(anonymous_10)","decl":{"start":{"line":116,"column":37},"end":{"line":116,"column":38}},"loc":{"start":{"line":116,"column":61},"end":{"line":131,"column":1}},"line":116},"11":{"name":"(anonymous_11)","decl":{"start":{"line":135,"column":33},"end":{"line":135,"column":34}},"loc":{"start":{"line":135,"column":65},"end":{"line":155,"column":1}},"line":135},"12":{"name":"(anonymous_12)","decl":{"start":{"line":149,"column":16},"end":{"line":149,"column":17}},"loc":{"start":{"line":149,"column":21},"end":{"line":149,"column":48}},"line":149},"13":{"name":"(anonymous_13)","decl":{"start":{"line":157,"column":41},"end":{"line":157,"column":42}},"loc":{"start":{"line":157,"column":93},"end":{"line":179,"column":1}},"line":157},"14":{"name":"(anonymous_14)","decl":{"start":{"line":172,"column":16},"end":{"line":172,"column":17}},"loc":{"start":{"line":172,"column":21},"end":{"line":172,"column":48}},"line":172},"15":{"name":"(anonymous_15)","decl":{"start":{"line":181,"column":36},"end":{"line":181,"column":37}},"loc":{"start":{"line":181,"column":60},"end":{"line":202,"column":1}},"line":181},"16":{"name":"(anonymous_16)","decl":{"start":{"line":197,"column":16},"end":{"line":197,"column":17}},"loc":{"start":{"line":197,"column":21},"end":{"line":197,"column":48}},"line":197},"17":{"name":"(anonymous_17)","decl":{"start":{"line":204,"column":44},"end":{"line":204,"column":45}},"loc":{"start":{"line":204,"column":76},"end":{"line":224,"column":1}},"line":204},"18":{"name":"(anonymous_18)","decl":{"start":{"line":219,"column":16},"end":{"line":219,"column":17}},"loc":{"start":{"line":219,"column":21},"end":{"line":219,"column":48}},"line":219},"19":{"name":"(anonymous_19)","decl":{"start":{"line":226,"column":40},"end":{"line":226,"column":41}},"loc":{"start":{"line":226,"column":72},"end":{"line":247,"column":1}},"line":226},"20":{"name":"(anonymous_20)","decl":{"start":{"line":241,"column":16},"end":{"line":241,"column":17}},"loc":{"start":{"line":241,"column":21},"end":{"line":241,"column":48}},"line":241},"21":{"name":"(anonymous_21)","decl":{"start":{"line":249,"column":30},"end":{"line":249,"column":31}},"loc":{"start":{"line":249,"column":59},"end":{"line":269,"column":1}},"line":249},"22":{"name":"(anonymous_22)","decl":{"start":{"line":263,"column":16},"end":{"line":263,"column":17}},"loc":{"start":{"line":263,"column":21},"end":{"line":263,"column":48}},"line":263},"23":{"name":"(anonymous_23)","decl":{"start":{"line":271,"column":38},"end":{"line":271,"column":39}},"loc":{"start":{"line":271,"column":80},"end":{"line":293,"column":1}},"line":271},"24":{"name":"(anonymous_24)","decl":{"start":{"line":286,"column":16},"end":{"line":286,"column":17}},"loc":{"start":{"line":286,"column":21},"end":{"line":286,"column":48}},"line":286},"25":{"name":"(anonymous_25)","decl":{"start":{"line":295,"column":37},"end":{"line":295,"column":38}},"loc":{"start":{"line":295,"column":66},"end":{"line":316,"column":1}},"line":295},"26":{"name":"(anonymous_26)","decl":{"start":{"line":310,"column":16},"end":{"line":310,"column":17}},"loc":{"start":{"line":310,"column":21},"end":{"line":310,"column":48}},"line":310},"27":{"name":"(anonymous_27)","decl":{"start":{"line":318,"column":36},"end":{"line":318,"column":37}},"loc":{"start":{"line":318,"column":65},"end":{"line":337,"column":1}},"line":318},"28":{"name":"(anonymous_28)","decl":{"start":{"line":332,"column":16},"end":{"line":332,"column":17}},"loc":{"start":{"line":332,"column":21},"end":{"line":332,"column":48}},"line":332}},"branchMap":{"0":{"loc":{"start":{"line":25,"column":12},"end":{"line":30,"column":13}},"type":"if","locations":[{"start":{"line":25,"column":12},"end":{"line":30,"column":13}},{"start":{"line":25,"column":12},"end":{"line":30,"column":13}}],"line":25},"1":{"loc":{"start":{"line":32,"column":12},"end":{"line":34,"column":13}},"type":"if","locations":[{"start":{"line":32,"column":12},"end":{"line":34,"column":13}},{"start":{"line":32,"column":12},"end":{"line":34,"column":13}}],"line":32},"2":{"loc":{"start":{"line":70,"column":13},"end":{"line":70,"column":72}},"type":"cond-expr","locations":[{"start":{"line":70,"column":45},"end":{"line":70,"column":56}},{"start":{"line":70,"column":59},"end":{"line":70,"column":72}}],"line":70},"3":{"loc":{"start":{"line":84,"column":17},"end":{"line":86,"column":46}},"type":"cond-expr","locations":[{"start":{"line":85,"column":12},"end":{"line":85,"column":58}},{"start":{"line":86,"column":12},"end":{"line":86,"column":46}}],"line":84},"4":{"loc":{"start":{"line":150,"column":4},"end":{"line":153,"column":5}},"type":"if","locations":[{"start":{"line":150,"column":4},"end":{"line":153,"column":5}},{"start":{"line":150,"column":4},"end":{"line":153,"column":5}}],"line":150},"5":{"loc":{"start":{"line":173,"column":4},"end":{"line":176,"column":5}},"type":"if","locations":[{"start":{"line":173,"column":4},"end":{"line":176,"column":5}},{"start":{"line":173,"column":4},"end":{"line":176,"column":5}}],"line":173},"6":{"loc":{"start":{"line":184,"column":19},"end":{"line":184,"column":90}},"type":"cond-expr","locations":[{"start":{"line":184,"column":50},"end":{"line":184,"column":69}},{"start":{"line":184,"column":72},"end":{"line":184,"column":90}}],"line":184},"7":{"loc":{"start":{"line":198,"column":4},"end":{"line":201,"column":5}},"type":"if","locations":[{"start":{"line":198,"column":4},"end":{"line":201,"column":5}},{"start":{"line":198,"column":4},"end":{"line":201,"column":5}}],"line":198},"8":{"loc":{"start":{"line":220,"column":4},"end":{"line":223,"column":5}},"type":"if","locations":[{"start":{"line":220,"column":4},"end":{"line":223,"column":5}},{"start":{"line":220,"column":4},"end":{"line":223,"column":5}}],"line":220},"9":{"loc":{"start":{"line":242,"column":4},"end":{"line":245,"column":5}},"type":"if","locations":[{"start":{"line":242,"column":4},"end":{"line":245,"column":5}},{"start":{"line":242,"column":4},"end":{"line":245,"column":5}}],"line":242},"10":{"loc":{"start":{"line":264,"column":4},"end":{"line":267,"column":5}},"type":"if","locations":[{"start":{"line":264,"column":4},"end":{"line":267,"column":5}},{"start":{"line":264,"column":4},"end":{"line":267,"column":5}}],"line":264},"11":{"loc":{"start":{"line":287,"column":4},"end":{"line":290,"column":5}},"type":"if","locations":[{"start":{"line":287,"column":4},"end":{"line":290,"column":5}},{"start":{"line":287,"column":4},"end":{"line":290,"column":5}}],"line":287},"12":{"loc":{"start":{"line":311,"column":4},"end":{"line":314,"column":5}},"type":"if","locations":[{"start":{"line":311,"column":4},"end":{"line":314,"column":5}},{"start":{"line":311,"column":4},"end":{"line":314,"column":5}}],"line":311},"13":{"loc":{"start":{"line":333,"column":4},"end":{"line":336,"column":5}},"type":"if","locations":[{"start":{"line":333,"column":4},"end":{"line":336,"column":5}},{"start":{"line":333,"column":4},"end":{"line":336,"column":5}}],"line":333}},"s":{"0":6,"1":6,"2":6,"3":6,"4":6,"5":0,"6":0,"7":0,"8":0,"9":0,"10":0,"11":0,"12":0,"13":0,"14":0,"15":0,"16":0,"17":0,"18":0,"19":0,"20":0,"21":0,"22":0,"23":0,"24":6,"25":2,"26":2,"27":1,"28":1,"29":6,"30":0,"31":0,"32":0,"33":0,"34":0,"35":6,"36":0,"37":0,"38":0,"39":0,"40":6,"41":0,"42":0,"43":0,"44":0,"45":6,"46":0,"47":0,"48":0,"49":0,"50":6,"51":0,"52":0,"53":0,"54":0,"55":0,"56":0,"57":0,"58":6,"59":0,"60":0,"61":0,"62":0,"63":0,"64":0,"65":0,"66":6,"67":0,"68":0,"69":0,"70":0,"71":0,"72":0,"73":0,"74":0,"75":6,"76":0,"77":0,"78":0,"79":0,"80":0,"81":0,"82":0,"83":6,"84":0,"85":0,"86":0,"87":0,"88":0,"89":0,"90":0,"91":6,"92":0,"93":0,"94":0,"95":0,"96":0,"97":0,"98":0,"99":6,"100":0,"101":0,"102":0,"103":0,"104":0,"105":0,"106":0,"107":6,"108":0,"109":0,"110":0,"111":0,"112":0,"113":0,"114":0,"115":6,"116":0,"117":0,"118":0,"119":0,"120":0,"121":0,"122":0},"f":{"0":6,"1":0,"2":0,"3":0,"4":0,"5":0,"6":2,"7":0,"8":0,"9":0,"10":0,"11":0,"12":0,"13":0,"14":0,"15":0,"16":0,"17":0,"18":0,"19":0,"20":0,"21":0,"22":0,"23":0,"24":0,"25":0,"26":0,"27":0,"28":0},"b":{"0":[0,0],"1":[0,0],"2":[0,0],"3":[0,0],"4":[0,0],"5":[0,0],"6":[0,0],"7":[0,0],"8":[0,0],"9":[0,0],"10":[0,0],"11":[0,0],"12":[0,0],"13":[0,0]},"_coverageSchema":"43e27e138ebf9cfc5966b082cf9a028302ed4184","hash":"9a34217723ba86c4ab2744abf055607af918849a"}
,"/home/pipo/Documents/autoecole/auto-ecole_backend/middleware/pdfkit-tables.js": {"path":"/home/pipo/Documents/autoecole/auto-ecole_backend/middleware/pdfkit-tables.js","statementMap":{"0":{"start":{"line":3,"column":20},"end":{"line":3,"column":37}},"1":{"start":{"line":7,"column":8},"end":{"line":7,"column":23}},"2":{"start":{"line":11,"column":21},"end":{"line":11,"column":43}},"3":{"start":{"line":11,"column":54},"end":{"line":11,"column":60}},"4":{"start":{"line":12,"column":22},"end":{"line":12,"column":24}},"5":{"start":{"line":14,"column":8},"end":{"line":22,"column":9}},"6":{"start":{"line":15,"column":12},"end":{"line":15,"column":26}},"7":{"start":{"line":16,"column":12},"end":{"line":16,"column":26}},"8":{"start":{"line":18,"column":12},"end":{"line":19,"column":31}},"9":{"start":{"line":19,"column":16},"end":{"line":19,"column":31}},"10":{"start":{"line":20,"column":15},"end":{"line":22,"column":9}},"11":{"start":{"line":21,"column":12},"end":{"line":21,"column":27}},"12":{"start":{"line":24,"column":28},"end":{"line":24,"column":48}},"13":{"start":{"line":25,"column":30},"end":{"line":25,"column":57}},"14":{"start":{"line":26,"column":27},"end":{"line":26,"column":50}},"15":{"start":{"line":27,"column":28},"end":{"line":27,"column":113}},"16":{"start":{"line":28,"column":36},"end":{"line":28,"column":53}},"17":{"start":{"line":29,"column":30},"end":{"line":30,"column":10}},"18":{"start":{"line":31,"column":27},"end":{"line":32,"column":10}},"19":{"start":{"line":33,"column":33},"end":{"line":45,"column":9}},"20":{"start":{"line":34,"column":25},"end":{"line":34,"column":26}},"21":{"start":{"line":36,"column":12},"end":{"line":42,"column":15}},"22":{"start":{"line":37,"column":35},"end":{"line":40,"column":18}},"23":{"start":{"line":41,"column":16},"end":{"line":41,"column":54}},"24":{"start":{"line":44,"column":12},"end":{"line":44,"column":39}},"25":{"start":{"line":46,"column":33},"end":{"line":52,"column":9}},"26":{"start":{"line":47,"column":12},"end":{"line":49,"column":13}},"27":{"start":{"line":48,"column":16},"end":{"line":48,"column":44}},"28":{"start":{"line":51,"column":12},"end":{"line":51,"column":78}},"29":{"start":{"line":53,"column":37},"end":{"line":53,"column":62}},"30":{"start":{"line":54,"column":28},"end":{"line":54,"column":64}},"31":{"start":{"line":55,"column":21},"end":{"line":55,"column":64}},"32":{"start":{"line":57,"column":25},"end":{"line":57,"column":26}},"33":{"start":{"line":59,"column":8},"end":{"line":62,"column":11}},"34":{"start":{"line":60,"column":12},"end":{"line":60,"column":43}},"35":{"start":{"line":61,"column":12},"end":{"line":61,"column":27}},"36":{"start":{"line":65,"column":8},"end":{"line":65,"column":24}},"37":{"start":{"line":68,"column":8},"end":{"line":69,"column":27}},"38":{"start":{"line":69,"column":12},"end":{"line":69,"column":27}},"39":{"start":{"line":72,"column":8},"end":{"line":77,"column":11}},"40":{"start":{"line":73,"column":12},"end":{"line":76,"column":15}},"41":{"start":{"line":80,"column":8},"end":{"line":80,"column":84}},"42":{"start":{"line":83,"column":8},"end":{"line":86,"column":22}},"43":{"start":{"line":88,"column":8},"end":{"line":119,"column":11}},"44":{"start":{"line":89,"column":30},"end":{"line":89,"column":51}},"45":{"start":{"line":93,"column":12},"end":{"line":96,"column":31}},"46":{"start":{"line":94,"column":16},"end":{"line":94,"column":49}},"47":{"start":{"line":96,"column":16},"end":{"line":96,"column":31}},"48":{"start":{"line":99,"column":12},"end":{"line":99,"column":31}},"49":{"start":{"line":102,"column":12},"end":{"line":107,"column":15}},"50":{"start":{"line":103,"column":16},"end":{"line":106,"column":19}},"51":{"start":{"line":110,"column":12},"end":{"line":110,"column":66}},"52":{"start":{"line":113,"column":12},"end":{"line":118,"column":28}},"53":{"start":{"line":121,"column":8},"end":{"line":121,"column":24}},"54":{"start":{"line":122,"column":8},"end":{"line":122,"column":24}},"55":{"start":{"line":124,"column":8},"end":{"line":124,"column":20}},"56":{"start":{"line":128,"column":0},"end":{"line":128,"column":39}}},"fnMap":{"0":{"name":"(anonymous_0)","decl":{"start":{"line":6,"column":4},"end":{"line":6,"column":5}},"loc":{"start":{"line":6,"column":25},"end":{"line":8,"column":5}},"line":6},"1":{"name":"(anonymous_1)","decl":{"start":{"line":10,"column":4},"end":{"line":10,"column":5}},"loc":{"start":{"line":10,"column":35},"end":{"line":125,"column":5}},"line":10},"2":{"name":"(anonymous_2)","decl":{"start":{"line":29,"column":56},"end":{"line":29,"column":57}},"loc":{"start":{"line":29,"column":62},"end":{"line":30,"column":9}},"line":29},"3":{"name":"(anonymous_3)","decl":{"start":{"line":31,"column":50},"end":{"line":31,"column":51}},"loc":{"start":{"line":31,"column":56},"end":{"line":32,"column":9}},"line":31},"4":{"name":"(anonymous_4)","decl":{"start":{"line":33,"column":33},"end":{"line":33,"column":34}},"loc":{"start":{"line":33,"column":42},"end":{"line":45,"column":9}},"line":33},"5":{"name":"(anonymous_5)","decl":{"start":{"line":36,"column":24},"end":{"line":36,"column":25}},"loc":{"start":{"line":36,"column":34},"end":{"line":42,"column":13}},"line":36},"6":{"name":"(anonymous_6)","decl":{"start":{"line":46,"column":33},"end":{"line":46,"column":34}},"loc":{"start":{"line":46,"column":40},"end":{"line":52,"column":9}},"line":46},"7":{"name":"(anonymous_7)","decl":{"start":{"line":59,"column":29},"end":{"line":59,"column":30}},"loc":{"start":{"line":59,"column":35},"end":{"line":62,"column":9}},"line":59},"8":{"name":"(anonymous_8)","decl":{"start":{"line":72,"column":30},"end":{"line":72,"column":31}},"loc":{"start":{"line":72,"column":45},"end":{"line":77,"column":9}},"line":72},"9":{"name":"(anonymous_9)","decl":{"start":{"line":88,"column":27},"end":{"line":88,"column":28}},"loc":{"start":{"line":88,"column":39},"end":{"line":119,"column":9}},"line":88},"10":{"name":"(anonymous_10)","decl":{"start":{"line":102,"column":24},"end":{"line":102,"column":25}},"loc":{"start":{"line":102,"column":37},"end":{"line":107,"column":13}},"line":102}},"branchMap":{"0":{"loc":{"start":{"line":14,"column":8},"end":{"line":22,"column":9}},"type":"if","locations":[{"start":{"line":14,"column":8},"end":{"line":22,"column":9}},{"start":{"line":14,"column":8},"end":{"line":22,"column":9}}],"line":14},"1":{"loc":{"start":{"line":14,"column":12},"end":{"line":14,"column":68}},"type":"binary-expr","locations":[{"start":{"line":14,"column":13},"end":{"line":14,"column":37}},{"start":{"line":14,"column":43},"end":{"line":14,"column":67}}],"line":14},"2":{"loc":{"start":{"line":18,"column":12},"end":{"line":19,"column":31}},"type":"if","locations":[{"start":{"line":18,"column":12},"end":{"line":19,"column":31}},{"start":{"line":18,"column":12},"end":{"line":19,"column":31}}],"line":18},"3":{"loc":{"start":{"line":20,"column":15},"end":{"line":22,"column":9}},"type":"if","locations":[{"start":{"line":20,"column":15},"end":{"line":22,"column":9}},{"start":{"line":20,"column":15},"end":{"line":22,"column":9}}],"line":20},"4":{"loc":{"start":{"line":25,"column":30},"end":{"line":25,"column":57}},"type":"binary-expr","locations":[{"start":{"line":25,"column":30},"end":{"line":25,"column":51}},{"start":{"line":25,"column":55},"end":{"line":25,"column":57}}],"line":25},"5":{"loc":{"start":{"line":26,"column":27},"end":{"line":26,"column":50}},"type":"binary-expr","locations":[{"start":{"line":26,"column":27},"end":{"line":26,"column":45}},{"start":{"line":26,"column":49},"end":{"line":26,"column":50}}],"line":26},"6":{"loc":{"start":{"line":27,"column":28},"end":{"line":27,"column":113}},"type":"binary-expr","locations":[{"start":{"line":27,"column":28},"end":{"line":27,"column":41}},{"start":{"line":27,"column":46},"end":{"line":27,"column":112}}],"line":27},"7":{"loc":{"start":{"line":29,"column":30},"end":{"line":30,"column":10}},"type":"binary-expr","locations":[{"start":{"line":29,"column":30},"end":{"line":29,"column":51}},{"start":{"line":29,"column":56},"end":{"line":30,"column":9}}],"line":29},"8":{"loc":{"start":{"line":31,"column":27},"end":{"line":32,"column":10}},"type":"binary-expr","locations":[{"start":{"line":31,"column":27},"end":{"line":31,"column":45}},{"start":{"line":31,"column":50},"end":{"line":32,"column":9}}],"line":31},"9":{"loc":{"start":{"line":47,"column":12},"end":{"line":49,"column":13}},"type":"if","locations":[{"start":{"line":47,"column":12},"end":{"line":49,"column":13}},{"start":{"line":47,"column":12},"end":{"line":49,"column":13}}],"line":47},"10":{"loc":{"start":{"line":51,"column":25},"end":{"line":51,"column":52}},"type":"binary-expr","locations":[{"start":{"line":51,"column":25},"end":{"line":51,"column":47}},{"start":{"line":51,"column":51},"end":{"line":51,"column":52}}],"line":51},"11":{"loc":{"start":{"line":68,"column":8},"end":{"line":69,"column":27}},"type":"if","locations":[{"start":{"line":68,"column":8},"end":{"line":69,"column":27}},{"start":{"line":68,"column":8},"end":{"line":69,"column":27}}],"line":68},"12":{"loc":{"start":{"line":93,"column":12},"end":{"line":96,"column":31}},"type":"if","locations":[{"start":{"line":93,"column":12},"end":{"line":96,"column":31}},{"start":{"line":93,"column":12},"end":{"line":96,"column":31}}],"line":93}},"s":{"0":5,"1":0,"2":0,"3":0,"4":0,"5":0,"6":0,"7":0,"8":0,"9":0,"10":0,"11":0,"12":0,"13":0,"14":0,"15":0,"16":0,"17":0,"18":0,"19":0,"20":0,"21":0,"22":0,"23":0,"24":0,"25":0,"26":0,"27":0,"28":0,"29":0,"30":0,"31":0,"32":0,"33":0,"34":0,"35":0,"36":0,"37":0,"38":0,"39":0,"40":0,"41":0,"42":0,"43":0,"44":0,"45":0,"46":0,"47":0,"48":0,"49":0,"50":0,"51":0,"52":0,"53":0,"54":0,"55":0,"56":5},"f":{"0":0,"1":0,"2":0,"3":0,"4":0,"5":0,"6":0,"7":0,"8":0,"9":0,"10":0},"b":{"0":[0,0],"1":[0,0],"2":[0,0],"3":[0,0],"4":[0,0],"5":[0,0],"6":[0,0],"7":[0,0],"8":[0,0],"9":[0,0],"10":[0,0],"11":[0,0],"12":[0,0]},"_coverageSchema":"43e27e138ebf9cfc5966b082cf9a028302ed4184","hash":"ce2909401feff60c7630e253492411bc7e0411a1"}
,"/home/pipo/Documents/autoecole/auto-ecole_backend/middleware/req-log.js": {"path":"/home/pipo/Documents/autoecole/auto-ecole_backend/middleware/req-log.js","statementMap":{"0":{"start":{"line":1,"column":16},"end":{"line":1,"column":34}},"1":{"start":{"line":2,"column":10},"end":{"line":2,"column":27}},"2":{"start":{"line":3,"column":15},"end":{"line":3,"column":31}},"3":{"start":{"line":4,"column":17},"end":{"line":4,"column":46}},"4":{"start":{"line":5,"column":17},"end":{"line":5,"column":44}},"5":{"start":{"line":8,"column":0},"end":{"line":17,"column":3}},"6":{"start":{"line":9,"column":4},"end":{"line":9,"column":47}},"7":{"start":{"line":10,"column":4},"end":{"line":15,"column":6}},"8":{"start":{"line":16,"column":4},"end":{"line":16,"column":11}}},"fnMap":{"0":{"name":"(anonymous_0)","decl":{"start":{"line":8,"column":33},"end":{"line":8,"column":34}},"loc":{"start":{"line":8,"column":53},"end":{"line":17,"column":1}},"line":8}},"branchMap":{},"s":{"0":5,"1":5,"2":5,"3":5,"4":5,"5":5,"6":55,"7":55,"8":55},"f":{"0":55},"b":{},"_coverageSchema":"43e27e138ebf9cfc5966b082cf9a028302ed4184","hash":"0e63f84decf7029ef268bf7a72cf8dfc34ad03be"}
,"/home/pipo/Documents/autoecole/auto-ecole_backend/middleware/validateObjectId.js": {"path":"/home/pipo/Documents/autoecole/auto-ecole_backend/middleware/validateObjectId.js","statementMap":{"0":{"start":{"line":1,"column":17},"end":{"line":1,"column":36}},"1":{"start":{"line":2,"column":17},"end":{"line":2,"column":46}},"2":{"start":{"line":3,"column":0},"end":{"line":9,"column":2}},"3":{"start":{"line":4,"column":4},"end":{"line":7,"column":5}},"4":{"start":{"line":5,"column":8},"end":{"line":5,"column":52}},"5":{"start":{"line":6,"column":8},"end":{"line":6,"column":50}},"6":{"start":{"line":8,"column":4},"end":{"line":8,"column":18}}},"fnMap":{"0":{"name":"(anonymous_0)","decl":{"start":{"line":3,"column":17},"end":{"line":3,"column":18}},"loc":{"start":{"line":3,"column":37},"end":{"line":9,"column":1}},"line":3}},"branchMap":{"0":{"loc":{"start":{"line":4,"column":4},"end":{"line":7,"column":5}},"type":"if","locations":[{"start":{"line":4,"column":4},"end":{"line":7,"column":5}},{"start":{"line":4,"column":4},"end":{"line":7,"column":5}}],"line":4}},"s":{"0":6,"1":6,"2":6,"3":25,"4":1,"5":1,"6":24},"f":{"0":25},"b":{"0":[1,24]},"_coverageSchema":"43e27e138ebf9cfc5966b082cf9a028302ed4184","hash":"77559ae1a6cb7e1ba9141eeca52594f648a29947"}
,"/home/pipo/Documents/autoecole/auto-ecole_backend/model/absence.js": {"path":"/home/pipo/Documents/autoecole/auto-ecole_backend/model/absence.js","statementMap":{"0":{"start":{"line":1,"column":17},"end":{"line":1,"column":36}},"1":{"start":{"line":2,"column":12},"end":{"line":2,"column":26}},"2":{"start":{"line":3,"column":20},"end":{"line":3,"column":52}},"3":{"start":{"line":4,"column":12},"end":{"line":4,"column":31}},"4":{"start":{"line":6,"column":20},"end":{"line":42,"column":2}},"5":{"start":{"line":43,"column":15},"end":{"line":43,"column":54}},"6":{"start":{"line":46,"column":19},"end":{"line":53,"column":6}},"7":{"start":{"line":54,"column":4},"end":{"line":54,"column":40}},"8":{"start":{"line":57,"column":0},"end":{"line":57,"column":38}},"9":{"start":{"line":58,"column":0},"end":{"line":58,"column":24}},"10":{"start":{"line":59,"column":0},"end":{"line":59,"column":63}}},"fnMap":{"0":{"name":"validateReservationSchema","decl":{"start":{"line":45,"column":9},"end":{"line":45,"column":34}},"loc":{"start":{"line":45,"column":43},"end":{"line":55,"column":1}},"line":45}},"branchMap":{},"s":{"0":5,"1":5,"2":5,"3":5,"4":5,"5":5,"6":0,"7":0,"8":5,"9":5,"10":5},"f":{"0":0},"b":{},"_coverageSchema":"43e27e138ebf9cfc5966b082cf9a028302ed4184","hash":"32c4f7d5c1c59a7ed055bc9535071162f351c5d7"}
,"/home/pipo/Documents/autoecole/auto-ecole_backend/model/agency.js": {"path":"/home/pipo/Documents/autoecole/auto-ecole_backend/model/agency.js","statementMap":{"0":{"start":{"line":1,"column":17},"end":{"line":1,"column":36}},"1":{"start":{"line":2,"column":12},"end":{"line":2,"column":26}},"2":{"start":{"line":3,"column":12},"end":{"line":3,"column":25}},"3":{"start":{"line":4,"column":20},"end":{"line":4,"column":52}},"4":{"start":{"line":7,"column":21},"end":{"line":80,"column":2}},"5":{"start":{"line":82,"column":15},"end":{"line":82,"column":53}},"6":{"start":{"line":85,"column":19},"end":{"line":97,"column":5}},"7":{"start":{"line":98,"column":4},"end":{"line":98,"column":40}},"8":{"start":{"line":101,"column":0},"end":{"line":101,"column":36}},"9":{"start":{"line":102,"column":0},"end":{"line":102,"column":24}},"10":{"start":{"line":103,"column":0},"end":{"line":103,"column":34}}},"fnMap":{"0":{"name":"validateSchema","decl":{"start":{"line":84,"column":9},"end":{"line":84,"column":23}},"loc":{"start":{"line":84,"column":32},"end":{"line":99,"column":1}},"line":84}},"branchMap":{},"s":{"0":5,"1":5,"2":5,"3":5,"4":5,"5":5,"6":2,"7":2,"8":5,"9":5,"10":5},"f":{"0":2},"b":{},"_coverageSchema":"43e27e138ebf9cfc5966b082cf9a028302ed4184","hash":"13459e12771e839cec137259c2116c13a12925a0"}
,"/home/pipo/Documents/autoecole/auto-ecole_backend/model/breakdown.js": {"path":"/home/pipo/Documents/autoecole/auto-ecole_backend/model/breakdown.js","statementMap":{"0":{"start":{"line":1,"column":17},"end":{"line":1,"column":36}},"1":{"start":{"line":2,"column":12},"end":{"line":2,"column":26}},"2":{"start":{"line":3,"column":20},"end":{"line":3,"column":52}},"3":{"start":{"line":4,"column":23},"end":{"line":4,"column":45}},"4":{"start":{"line":7,"column":22},"end":{"line":78,"column":2}},"5":{"start":{"line":79,"column":18},"end":{"line":79,"column":62}},"6":{"start":{"line":83,"column":19},"end":{"line":89,"column":6}},"7":{"start":{"line":90,"column":4},"end":{"line":90,"column":43}},"8":{"start":{"line":97,"column":0},"end":{"line":97,"column":28}},"9":{"start":{"line":98,"column":0},"end":{"line":98,"column":56}},"10":{"start":{"line":99,"column":0},"end":{"line":99,"column":37}}},"fnMap":{"0":{"name":"validatebreakdownSchema","decl":{"start":{"line":82,"column":9},"end":{"line":82,"column":32}},"loc":{"start":{"line":82,"column":44},"end":{"line":91,"column":1}},"line":82}},"branchMap":{},"s":{"0":5,"1":5,"2":5,"3":5,"4":5,"5":5,"6":0,"7":0,"8":5,"9":5,"10":5},"f":{"0":0},"b":{},"_coverageSchema":"43e27e138ebf9cfc5966b082cf9a028302ed4184","hash":"aff1a3fdeab5ad5053e20da5461259be13cc7f5a"}
,"/home/pipo/Documents/autoecole/auto-ecole_backend/model/car.js": {"path":"/home/pipo/Documents/autoecole/auto-ecole_backend/model/car.js","statementMap":{"0":{"start":{"line":1,"column":17},"end":{"line":1,"column":36}},"1":{"start":{"line":2,"column":20},"end":{"line":2,"column":52}},"2":{"start":{"line":4,"column":17},"end":{"line":4,"column":51}},"3":{"start":{"line":6,"column":18},"end":{"line":55,"column":2}},"4":{"start":{"line":57,"column":12},"end":{"line":57,"column":45}},"5":{"start":{"line":60,"column":19},"end":{"line":69,"column":5}},"6":{"start":{"line":70,"column":4},"end":{"line":70,"column":45}},"7":{"start":{"line":73,"column":0},"end":{"line":73,"column":30}},"8":{"start":{"line":74,"column":0},"end":{"line":74,"column":18}},"9":{"start":{"line":75,"column":0},"end":{"line":75,"column":34}},"10":{"start":{"line":76,"column":0},"end":{"line":76,"column":28}}},"fnMap":{"0":{"name":"validateSchema","decl":{"start":{"line":59,"column":9},"end":{"line":59,"column":23}},"loc":{"start":{"line":59,"column":29},"end":{"line":71,"column":1}},"line":59}},"branchMap":{},"s":{"0":5,"1":5,"2":5,"3":5,"4":5,"5":6,"6":6,"7":5,"8":5,"9":5,"10":5},"f":{"0":6},"b":{},"_coverageSchema":"43e27e138ebf9cfc5966b082cf9a028302ed4184","hash":"635b1ef33ac87d04de16215065b22e6f47bc2bf7"}
,"/home/pipo/Documents/autoecole/auto-ecole_backend/model/client.js": {"path":"/home/pipo/Documents/autoecole/auto-ecole_backend/model/client.js","statementMap":{"0":{"start":{"line":1,"column":17},"end":{"line":1,"column":36}},"1":{"start":{"line":2,"column":12},"end":{"line":2,"column":26}},"2":{"start":{"line":3,"column":20},"end":{"line":3,"column":52}},"3":{"start":{"line":4,"column":11},"end":{"line":4,"column":24}},"4":{"start":{"line":5,"column":26},"end":{"line":5,"column":67}},"5":{"start":{"line":6,"column":20},"end":{"line":7,"column":67}},"6":{"start":{"line":11,"column":21},"end":{"line":113,"column":2}},"7":{"start":{"line":116,"column":0},"end":{"line":127,"column":3}},"8":{"start":{"line":117,"column":4},"end":{"line":117,"column":48}},"9":{"start":{"line":118,"column":4},"end":{"line":126,"column":6}},"10":{"start":{"line":119,"column":8},"end":{"line":125,"column":9}},"11":{"start":{"line":122,"column":12},"end":{"line":122,"column":39}},"12":{"start":{"line":123,"column":12},"end":{"line":123,"column":29}},"13":{"start":{"line":124,"column":12},"end":{"line":124,"column":54}},"14":{"start":{"line":128,"column":0},"end":{"line":137,"column":3}},"15":{"start":{"line":129,"column":4},"end":{"line":129,"column":49}},"16":{"start":{"line":130,"column":4},"end":{"line":136,"column":5}},"17":{"start":{"line":133,"column":8},"end":{"line":133,"column":35}},"18":{"start":{"line":134,"column":8},"end":{"line":134,"column":25}},"19":{"start":{"line":135,"column":8},"end":{"line":135,"column":50}},"20":{"start":{"line":139,"column":15},"end":{"line":139,"column":54}},"21":{"start":{"line":142,"column":32},"end":{"line":158,"column":2}},"22":{"start":{"line":160,"column":26},"end":{"line":160,"column":74}},"23":{"start":{"line":164,"column":19},"end":{"line":219,"column":6}},"24":{"start":{"line":220,"column":4},"end":{"line":220,"column":75}},"25":{"start":{"line":224,"column":4},"end":{"line":228,"column":7}},"26":{"start":{"line":225,"column":8},"end":{"line":227,"column":11}},"27":{"start":{"line":226,"column":12},"end":{"line":226,"column":28}},"28":{"start":{"line":230,"column":0},"end":{"line":230,"column":36}},"29":{"start":{"line":231,"column":0},"end":{"line":231,"column":24}},"30":{"start":{"line":232,"column":0},"end":{"line":232,"column":34}},"31":{"start":{"line":233,"column":0},"end":{"line":233,"column":34}},"32":{"start":{"line":234,"column":0},"end":{"line":234,"column":46}}},"fnMap":{"0":{"name":"(anonymous_0)","decl":{"start":{"line":116,"column":26},"end":{"line":116,"column":27}},"loc":{"start":{"line":116,"column":44},"end":{"line":127,"column":1}},"line":116},"1":{"name":"(anonymous_1)","decl":{"start":{"line":118,"column":19},"end":{"line":118,"column":20}},"loc":{"start":{"line":118,"column":34},"end":{"line":126,"column":5}},"line":118},"2":{"name":"(anonymous_2)","decl":{"start":{"line":128,"column":29},"end":{"line":128,"column":30}},"loc":{"start":{"line":128,"column":50},"end":{"line":137,"column":1}},"line":128},"3":{"name":"validateSchema","decl":{"start":{"line":163,"column":9},"end":{"line":163,"column":23}},"loc":{"start":{"line":163,"column":43},"end":{"line":221,"column":1}},"line":163},"4":{"name":"checkFileExists","decl":{"start":{"line":223,"column":9},"end":{"line":223,"column":24}},"loc":{"start":{"line":223,"column":35},"end":{"line":229,"column":1}},"line":223},"5":{"name":"(anonymous_5)","decl":{"start":{"line":224,"column":23},"end":{"line":224,"column":24}},"loc":{"start":{"line":224,"column":44},"end":{"line":228,"column":5}},"line":224},"6":{"name":"(anonymous_6)","decl":{"start":{"line":225,"column":37},"end":{"line":225,"column":38}},"loc":{"start":{"line":225,"column":46},"end":{"line":227,"column":9}},"line":225}},"branchMap":{"0":{"loc":{"start":{"line":119,"column":8},"end":{"line":125,"column":9}},"type":"if","locations":[{"start":{"line":119,"column":8},"end":{"line":125,"column":9}},{"start":{"line":119,"column":8},"end":{"line":125,"column":9}}],"line":119},"1":{"loc":{"start":{"line":119,"column":12},"end":{"line":121,"column":56}},"type":"binary-expr","locations":[{"start":{"line":119,"column":12},"end":{"line":119,"column":15}},{"start":{"line":119,"column":19},"end":{"line":119,"column":47}},{"start":{"line":120,"column":12},"end":{"line":120,"column":54}},{"start":{"line":121,"column":12},"end":{"line":121,"column":56}}],"line":119},"2":{"loc":{"start":{"line":130,"column":4},"end":{"line":136,"column":5}},"type":"if","locations":[{"start":{"line":130,"column":4},"end":{"line":136,"column":5}},{"start":{"line":130,"column":4},"end":{"line":136,"column":5}}],"line":130},"3":{"loc":{"start":{"line":130,"column":8},"end":{"line":132,"column":58}},"type":"binary-expr","locations":[{"start":{"line":130,"column":8},"end":{"line":130,"column":11}},{"start":{"line":130,"column":15},"end":{"line":130,"column":43}},{"start":{"line":131,"column":8},"end":{"line":131,"column":56}},{"start":{"line":132,"column":8},"end":{"line":132,"column":58}}],"line":130}},"s":{"0":6,"1":6,"2":6,"3":6,"4":6,"5":6,"6":6,"7":6,"8":1,"9":1,"10":1,"11":0,"12":0,"13":0,"14":6,"15":12,"16":12,"17":0,"18":0,"19":0,"20":6,"21":6,"22":6,"23":6,"24":6,"25":1,"26":1,"27":1,"28":6,"29":6,"30":6,"31":6,"32":6},"f":{"0":1,"1":1,"2":12,"3":6,"4":1,"5":1,"6":1},"b":{"0":[0,1],"1":[1,1,0,0],"2":[0,12],"3":[12,3,1,0]},"_coverageSchema":"43e27e138ebf9cfc5966b082cf9a028302ed4184","hash":"1f7e2c42091b0d5b5a2a9990292238e45d35851d"}
,"/home/pipo/Documents/autoecole/auto-ecole_backend/model/exam.js": {"path":"/home/pipo/Documents/autoecole/auto-ecole_backend/model/exam.js","statementMap":{"0":{"start":{"line":1,"column":17},"end":{"line":1,"column":36}},"1":{"start":{"line":2,"column":12},"end":{"line":2,"column":26}},"2":{"start":{"line":3,"column":20},"end":{"line":3,"column":52}},"3":{"start":{"line":5,"column":18},"end":{"line":5,"column":52}},"4":{"start":{"line":6,"column":12},"end":{"line":6,"column":25}},"5":{"start":{"line":9,"column":19},"end":{"line":115,"column":2}},"6":{"start":{"line":116,"column":13},"end":{"line":116,"column":47}},"7":{"start":{"line":119,"column":19},"end":{"line":126,"column":2}},"8":{"start":{"line":127,"column":4},"end":{"line":127,"column":38}},"9":{"start":{"line":131,"column":19},"end":{"line":134,"column":5}},"10":{"start":{"line":135,"column":4},"end":{"line":135,"column":38}},"11":{"start":{"line":139,"column":19},"end":{"line":142,"column":5}},"12":{"start":{"line":143,"column":4},"end":{"line":143,"column":38}},"13":{"start":{"line":148,"column":19},"end":{"line":159,"column":6}},"14":{"start":{"line":160,"column":4},"end":{"line":160,"column":71}},"15":{"start":{"line":163,"column":0},"end":{"line":163,"column":40}},"16":{"start":{"line":164,"column":0},"end":{"line":164,"column":32}},"17":{"start":{"line":165,"column":0},"end":{"line":165,"column":34}},"18":{"start":{"line":166,"column":0},"end":{"line":166,"column":48}},"19":{"start":{"line":167,"column":0},"end":{"line":167,"column":20}},"20":{"start":{"line":168,"column":0},"end":{"line":168,"column":32}},"21":{"start":{"line":169,"column":0},"end":{"line":169,"column":30}}},"fnMap":{"0":{"name":"validatesScheduled","decl":{"start":{"line":118,"column":9},"end":{"line":118,"column":27}},"loc":{"start":{"line":118,"column":34},"end":{"line":128,"column":1}},"line":118},"1":{"name":"succeedExam","decl":{"start":{"line":130,"column":9},"end":{"line":130,"column":20}},"loc":{"start":{"line":130,"column":27},"end":{"line":136,"column":1}},"line":130},"2":{"name":"failedExam","decl":{"start":{"line":138,"column":9},"end":{"line":138,"column":19}},"loc":{"start":{"line":138,"column":26},"end":{"line":145,"column":1}},"line":138},"3":{"name":"validateUpdate","decl":{"start":{"line":147,"column":9},"end":{"line":147,"column":23}},"loc":{"start":{"line":147,"column":39},"end":{"line":161,"column":1}},"line":147}},"branchMap":{},"s":{"0":5,"1":5,"2":5,"3":5,"4":5,"5":5,"6":5,"7":0,"8":0,"9":0,"10":0,"11":0,"12":0,"13":0,"14":0,"15":5,"16":5,"17":5,"18":5,"19":5,"20":5,"21":5},"f":{"0":0,"1":0,"2":0,"3":0},"b":{},"_coverageSchema":"43e27e138ebf9cfc5966b082cf9a028302ed4184","hash":"b17b550326ae9aa7012e5eee649c83d7df168e17"}
,"/home/pipo/Documents/autoecole/auto-ecole_backend/model/manager.js": {"path":"/home/pipo/Documents/autoecole/auto-ecole_backend/model/manager.js","statementMap":{"0":{"start":{"line":1,"column":17},"end":{"line":1,"column":36}},"1":{"start":{"line":2,"column":12},"end":{"line":2,"column":26}},"2":{"start":{"line":3,"column":20},"end":{"line":3,"column":52}},"3":{"start":{"line":4,"column":22},"end":{"line":31,"column":2}},"4":{"start":{"line":33,"column":16},"end":{"line":33,"column":57}},"5":{"start":{"line":36,"column":19},"end":{"line":51,"column":6}},"6":{"start":{"line":52,"column":4},"end":{"line":52,"column":78}},"7":{"start":{"line":55,"column":0},"end":{"line":55,"column":38}},"8":{"start":{"line":56,"column":0},"end":{"line":56,"column":26}},"9":{"start":{"line":57,"column":0},"end":{"line":57,"column":34}}},"fnMap":{"0":{"name":"validateSchema","decl":{"start":{"line":35,"column":9},"end":{"line":35,"column":23}},"loc":{"start":{"line":35,"column":45},"end":{"line":53,"column":1}},"line":35}},"branchMap":{},"s":{"0":5,"1":5,"2":5,"3":5,"4":5,"5":0,"6":0,"7":5,"8":5,"9":5},"f":{"0":0},"b":{},"_coverageSchema":"43e27e138ebf9cfc5966b082cf9a028302ed4184","hash":"901709cb6a2e82bc20c76059a7837afe7b600718"}
,"/home/pipo/Documents/autoecole/auto-ecole_backend/model/monitor.js": {"path":"/home/pipo/Documents/autoecole/auto-ecole_backend/model/monitor.js","statementMap":{"0":{"start":{"line":1,"column":17},"end":{"line":1,"column":36}},"1":{"start":{"line":2,"column":12},"end":{"line":2,"column":26}},"2":{"start":{"line":3,"column":20},"end":{"line":3,"column":52}},"3":{"start":{"line":5,"column":21},"end":{"line":5,"column":64}},"4":{"start":{"line":7,"column":22},"end":{"line":119,"column":2}},"5":{"start":{"line":121,"column":16},"end":{"line":121,"column":56}},"6":{"start":{"line":124,"column":19},"end":{"line":171,"column":2}},"7":{"start":{"line":172,"column":4},"end":{"line":172,"column":77}},"8":{"start":{"line":175,"column":0},"end":{"line":175,"column":38}},"9":{"start":{"line":176,"column":0},"end":{"line":176,"column":26}},"10":{"start":{"line":177,"column":0},"end":{"line":177,"column":34}},"11":{"start":{"line":178,"column":0},"end":{"line":178,"column":36}}},"fnMap":{"0":{"name":"validateSchema","decl":{"start":{"line":123,"column":9},"end":{"line":123,"column":23}},"loc":{"start":{"line":123,"column":45},"end":{"line":173,"column":1}},"line":123}},"branchMap":{},"s":{"0":5,"1":5,"2":5,"3":5,"4":5,"5":5,"6":5,"7":5,"8":5,"9":5,"10":5,"11":5},"f":{"0":5},"b":{},"_coverageSchema":"43e27e138ebf9cfc5966b082cf9a028302ed4184","hash":"1c18c66b516a87692f0ecbd79dd614f77c8f56c2"}
,"/home/pipo/Documents/autoecole/auto-ecole_backend/model/notif.js": {"path":"/home/pipo/Documents/autoecole/auto-ecole_backend/model/notif.js","statementMap":{"0":{"start":{"line":1,"column":17},"end":{"line":1,"column":36}},"1":{"start":{"line":4,"column":20},"end":{"line":25,"column":2}},"2":{"start":{"line":27,"column":14},"end":{"line":27,"column":50}},"3":{"start":{"line":29,"column":0},"end":{"line":29,"column":22}}},"fnMap":{},"branchMap":{},"s":{"0":6,"1":6,"2":6,"3":6},"f":{},"b":{},"_coverageSchema":"43e27e138ebf9cfc5966b082cf9a028302ed4184","hash":"80b1e9f30b4863794131643229ba89fd46441529"}
,"/home/pipo/Documents/autoecole/auto-ecole_backend/model/session.js": {"path":"/home/pipo/Documents/autoecole/auto-ecole_backend/model/session.js","statementMap":{"0":{"start":{"line":1,"column":17},"end":{"line":1,"column":36}},"1":{"start":{"line":2,"column":12},"end":{"line":2,"column":26}},"2":{"start":{"line":3,"column":20},"end":{"line":3,"column":52}},"3":{"start":{"line":4,"column":27},"end":{"line":4,"column":74}},"4":{"start":{"line":5,"column":21},"end":{"line":5,"column":70}},"5":{"start":{"line":6,"column":12},"end":{"line":6,"column":25}},"6":{"start":{"line":8,"column":20},"end":{"line":123,"column":2}},"7":{"start":{"line":125,"column":0},"end":{"line":136,"column":3}},"8":{"start":{"line":126,"column":4},"end":{"line":126,"column":50}},"9":{"start":{"line":127,"column":4},"end":{"line":135,"column":6}},"10":{"start":{"line":128,"column":8},"end":{"line":134,"column":9}},"11":{"start":{"line":130,"column":12},"end":{"line":130,"column":38}},"12":{"start":{"line":131,"column":12},"end":{"line":131,"column":40}},"13":{"start":{"line":132,"column":12},"end":{"line":132,"column":23}},"14":{"start":{"line":133,"column":12},"end":{"line":133,"column":57}},"15":{"start":{"line":138,"column":0},"end":{"line":147,"column":3}},"16":{"start":{"line":139,"column":4},"end":{"line":139,"column":50}},"17":{"start":{"line":140,"column":4},"end":{"line":146,"column":5}},"18":{"start":{"line":142,"column":8},"end":{"line":142,"column":34}},"19":{"start":{"line":143,"column":8},"end":{"line":143,"column":36}},"20":{"start":{"line":144,"column":8},"end":{"line":144,"column":19}},"21":{"start":{"line":145,"column":8},"end":{"line":145,"column":53}},"22":{"start":{"line":149,"column":16},"end":{"line":149,"column":56}},"23":{"start":{"line":152,"column":19},"end":{"line":167,"column":6}},"24":{"start":{"line":168,"column":4},"end":{"line":168,"column":41}},"25":{"start":{"line":172,"column":19},"end":{"line":176,"column":5}},"26":{"start":{"line":177,"column":4},"end":{"line":177,"column":41}},"27":{"start":{"line":181,"column":19},"end":{"line":186,"column":5}},"28":{"start":{"line":187,"column":4},"end":{"line":187,"column":41}},"29":{"start":{"line":191,"column":0},"end":{"line":191,"column":38}},"30":{"start":{"line":192,"column":0},"end":{"line":192,"column":26}},"31":{"start":{"line":193,"column":0},"end":{"line":193,"column":56}},"32":{"start":{"line":194,"column":0},"end":{"line":194,"column":50}},"33":{"start":{"line":195,"column":0},"end":{"line":195,"column":48}},"34":{"start":{"line":196,"column":0},"end":{"line":196,"column":36}}},"fnMap":{"0":{"name":"(anonymous_0)","decl":{"start":{"line":125,"column":27},"end":{"line":125,"column":28}},"loc":{"start":{"line":125,"column":45},"end":{"line":136,"column":1}},"line":125},"1":{"name":"(anonymous_1)","decl":{"start":{"line":127,"column":19},"end":{"line":127,"column":20}},"loc":{"start":{"line":127,"column":28},"end":{"line":135,"column":5}},"line":127},"2":{"name":"(anonymous_2)","decl":{"start":{"line":138,"column":30},"end":{"line":138,"column":31}},"loc":{"start":{"line":138,"column":45},"end":{"line":147,"column":1}},"line":138},"3":{"name":"validateReservationSchema","decl":{"start":{"line":151,"column":9},"end":{"line":151,"column":34}},"loc":{"start":{"line":151,"column":44},"end":{"line":169,"column":1}},"line":151},"4":{"name":"validateApproveSchema","decl":{"start":{"line":171,"column":9},"end":{"line":171,"column":30}},"loc":{"start":{"line":171,"column":40},"end":{"line":178,"column":1}},"line":171},"5":{"name":"validateUpdateSchema","decl":{"start":{"line":180,"column":9},"end":{"line":180,"column":29}},"loc":{"start":{"line":180,"column":39},"end":{"line":188,"column":1}},"line":180}},"branchMap":{"0":{"loc":{"start":{"line":128,"column":8},"end":{"line":134,"column":9}},"type":"if","locations":[{"start":{"line":128,"column":8},"end":{"line":134,"column":9}},{"start":{"line":128,"column":8},"end":{"line":134,"column":9}}],"line":128},"1":{"loc":{"start":{"line":128,"column":12},"end":{"line":129,"column":48}},"type":"binary-expr","locations":[{"start":{"line":128,"column":12},"end":{"line":128,"column":41}},{"start":{"line":129,"column":15},"end":{"line":129,"column":48}}],"line":128},"2":{"loc":{"start":{"line":140,"column":4},"end":{"line":146,"column":5}},"type":"if","locations":[{"start":{"line":140,"column":4},"end":{"line":146,"column":5}},{"start":{"line":140,"column":4},"end":{"line":146,"column":5}}],"line":140},"3":{"loc":{"start":{"line":140,"column":8},"end":{"line":141,"column":44}},"type":"binary-expr","locations":[{"start":{"line":140,"column":8},"end":{"line":140,"column":37}},{"start":{"line":141,"column":11},"end":{"line":141,"column":44}}],"line":140}},"s":{"0":5,"1":5,"2":5,"3":5,"4":5,"5":5,"6":5,"7":5,"8":4,"9":4,"10":2,"11":0,"12":0,"13":0,"14":0,"15":5,"16":0,"17":0,"18":0,"19":0,"20":0,"21":0,"22":5,"23":12,"24":12,"25":0,"26":0,"27":0,"28":0,"29":5,"30":5,"31":5,"32":5,"33":5,"34":5},"f":{"0":4,"1":2,"2":0,"3":12,"4":0,"5":0},"b":{"0":[0,2],"1":[2,0],"2":[0,0],"3":[0,0]},"_coverageSchema":"43e27e138ebf9cfc5966b082cf9a028302ed4184","hash":"3fbe5e3d51f94fc3747eda1472b9f4c0d9c903a1"}
,"/home/pipo/Documents/autoecole/auto-ecole_backend/routes/absences.js": {"path":"/home/pipo/Documents/autoecole/auto-ecole_backend/routes/absences.js","statementMap":{"0":{"start":{"line":1,"column":57},"end":{"line":1,"column":84}},"1":{"start":{"line":2,"column":17},"end":{"line":2,"column":43}},"2":{"start":{"line":3,"column":31},"end":{"line":3,"column":58}},"3":{"start":{"line":4,"column":16},"end":{"line":4,"column":34}},"4":{"start":{"line":5,"column":15},"end":{"line":5,"column":31}},"5":{"start":{"line":6,"column":25},"end":{"line":6,"column":66}},"6":{"start":{"line":7,"column":10},"end":{"line":7,"column":27}},"7":{"start":{"line":8,"column":20},"end":{"line":8,"column":50}},"8":{"start":{"line":9,"column":12},"end":{"line":9,"column":25}},"9":{"start":{"line":10,"column":30},"end":{"line":10,"column":61}},"10":{"start":{"line":11,"column":0},"end":{"line":11,"column":44}},"11":{"start":{"line":14,"column":0},"end":{"line":16,"column":3}},"12":{"start":{"line":15,"column":4},"end":{"line":15,"column":60}},"13":{"start":{"line":19,"column":0},"end":{"line":23,"column":3}},"14":{"start":{"line":20,"column":19},"end":{"line":20,"column":86}},"15":{"start":{"line":21,"column":4},"end":{"line":21,"column":105}},"16":{"start":{"line":21,"column":17},"end":{"line":21,"column":105}},"17":{"start":{"line":22,"column":4},"end":{"line":22,"column":21}},"18":{"start":{"line":26,"column":0},"end":{"line":54,"column":3}},"19":{"start":{"line":27,"column":4},"end":{"line":27,"column":47}},"20":{"start":{"line":29,"column":20},"end":{"line":29,"column":55}},"21":{"start":{"line":30,"column":4},"end":{"line":30,"column":80}},"22":{"start":{"line":30,"column":15},"end":{"line":30,"column":80}},"23":{"start":{"line":32,"column":19},"end":{"line":32,"column":63}},"24":{"start":{"line":33,"column":4},"end":{"line":33,"column":104}},"25":{"start":{"line":33,"column":17},"end":{"line":33,"column":104}},"26":{"start":{"line":35,"column":20},"end":{"line":35,"column":93}},"27":{"start":{"line":36,"column":4},"end":{"line":36,"column":107}},"28":{"start":{"line":36,"column":18},"end":{"line":36,"column":107}},"29":{"start":{"line":42,"column":18},"end":{"line":48,"column":6}},"30":{"start":{"line":51,"column":4},"end":{"line":51,"column":25}},"31":{"start":{"line":52,"column":4},"end":{"line":52,"column":38}},"32":{"start":{"line":53,"column":4},"end":{"line":53,"column":22}},"33":{"start":{"line":57,"column":0},"end":{"line":62,"column":3}},"34":{"start":{"line":58,"column":19},"end":{"line":58,"column":96}},"35":{"start":{"line":60,"column":4},"end":{"line":60,"column":112}},"36":{"start":{"line":60,"column":17},"end":{"line":60,"column":112}},"37":{"start":{"line":61,"column":4},"end":{"line":61,"column":21}},"38":{"start":{"line":64,"column":0},"end":{"line":64,"column":24}}},"fnMap":{"0":{"name":"(anonymous_0)","decl":{"start":{"line":14,"column":16},"end":{"line":14,"column":17}},"loc":{"start":{"line":14,"column":36},"end":{"line":16,"column":1}},"line":14},"1":{"name":"(anonymous_1)","decl":{"start":{"line":19,"column":37},"end":{"line":19,"column":38}},"loc":{"start":{"line":19,"column":57},"end":{"line":23,"column":1}},"line":19},"2":{"name":"(anonymous_2)","decl":{"start":{"line":26,"column":25},"end":{"line":26,"column":26}},"loc":{"start":{"line":26,"column":45},"end":{"line":54,"column":1}},"line":26},"3":{"name":"(anonymous_3)","decl":{"start":{"line":57,"column":23},"end":{"line":57,"column":24}},"loc":{"start":{"line":57,"column":43},"end":{"line":62,"column":1}},"line":57}},"branchMap":{"0":{"loc":{"start":{"line":21,"column":4},"end":{"line":21,"column":105}},"type":"if","locations":[{"start":{"line":21,"column":4},"end":{"line":21,"column":105}},{"start":{"line":21,"column":4},"end":{"line":21,"column":105}}],"line":21},"1":{"loc":{"start":{"line":30,"column":4},"end":{"line":30,"column":80}},"type":"if","locations":[{"start":{"line":30,"column":4},"end":{"line":30,"column":80}},{"start":{"line":30,"column":4},"end":{"line":30,"column":80}}],"line":30},"2":{"loc":{"start":{"line":33,"column":4},"end":{"line":33,"column":104}},"type":"if","locations":[{"start":{"line":33,"column":4},"end":{"line":33,"column":104}},{"start":{"line":33,"column":4},"end":{"line":33,"column":104}}],"line":33},"3":{"loc":{"start":{"line":36,"column":4},"end":{"line":36,"column":107}},"type":"if","locations":[{"start":{"line":36,"column":4},"end":{"line":36,"column":107}},{"start":{"line":36,"column":4},"end":{"line":36,"column":107}}],"line":36},"4":{"loc":{"start":{"line":60,"column":4},"end":{"line":60,"column":112}},"type":"if","locations":[{"start":{"line":60,"column":4},"end":{"line":60,"column":112}},{"start":{"line":60,"column":4},"end":{"line":60,"column":112}}],"line":60}},"s":{"0":5,"1":5,"2":5,"3":5,"4":5,"5":5,"6":5,"7":5,"8":5,"9":5,"10":5,"11":5,"12":0,"13":5,"14":0,"15":0,"16":0,"17":0,"18":5,"19":0,"20":0,"21":0,"22":0,"23":0,"24":0,"25":0,"26":0,"27":0,"28":0,"29":0,"30":0,"31":0,"32":0,"33":5,"34":0,"35":0,"36":0,"37":0,"38":5},"f":{"0":0,"1":0,"2":0,"3":0},"b":{"0":[0,0],"1":[0,0],"2":[0,0],"3":[0,0],"4":[0,0]},"_coverageSchema":"43e27e138ebf9cfc5966b082cf9a028302ed4184","hash":"4cc814fa0e99909fde39179953644a2ddeb1dba7"}
,"/home/pipo/Documents/autoecole/auto-ecole_backend/routes/agencys.js": {"path":"/home/pipo/Documents/autoecole/auto-ecole_backend/routes/agencys.js","statementMap":{"0":{"start":{"line":1,"column":16},"end":{"line":1,"column":34}},"1":{"start":{"line":2,"column":15},"end":{"line":2,"column":31}},"2":{"start":{"line":3,"column":27},"end":{"line":3,"column":53}},"3":{"start":{"line":4,"column":17},"end":{"line":4,"column":44}},"4":{"start":{"line":5,"column":15},"end":{"line":5,"column":32}},"5":{"start":{"line":6,"column":26},"end":{"line":6,"column":55}},"6":{"start":{"line":7,"column":27},"end":{"line":7,"column":55}},"7":{"start":{"line":8,"column":17},"end":{"line":8,"column":45}},"8":{"start":{"line":10,"column":0},"end":{"line":12,"column":3}},"9":{"start":{"line":11,"column":4},"end":{"line":11,"column":34}},"10":{"start":{"line":14,"column":0},"end":{"line":40,"column":3}},"11":{"start":{"line":16,"column":20},"end":{"line":16,"column":38}},"12":{"start":{"line":17,"column":4},"end":{"line":17,"column":80}},"13":{"start":{"line":17,"column":15},"end":{"line":17,"column":80}},"14":{"start":{"line":19,"column":19},"end":{"line":19,"column":39}},"15":{"start":{"line":20,"column":21},"end":{"line":20,"column":78}},"16":{"start":{"line":21,"column":17},"end":{"line":21,"column":41}},"17":{"start":{"line":22,"column":25},"end":{"line":22,"column":58}},"18":{"start":{"line":23,"column":20},"end":{"line":29,"column":6}},"19":{"start":{"line":30,"column":4},"end":{"line":34,"column":68}},"20":{"start":{"line":36,"column":4},"end":{"line":36,"column":24}},"21":{"start":{"line":37,"column":4},"end":{"line":37,"column":25}},"22":{"start":{"line":38,"column":4},"end":{"line":38,"column":31}},"23":{"start":{"line":39,"column":4},"end":{"line":39,"column":21}},"24":{"start":{"line":43,"column":0},"end":{"line":43,"column":24}}},"fnMap":{"0":{"name":"(anonymous_0)","decl":{"start":{"line":10,"column":16},"end":{"line":10,"column":17}},"loc":{"start":{"line":10,"column":36},"end":{"line":12,"column":1}},"line":10},"1":{"name":"(anonymous_1)","decl":{"start":{"line":14,"column":17},"end":{"line":14,"column":18}},"loc":{"start":{"line":14,"column":37},"end":{"line":40,"column":1}},"line":14}},"branchMap":{"0":{"loc":{"start":{"line":17,"column":4},"end":{"line":17,"column":80}},"type":"if","locations":[{"start":{"line":17,"column":4},"end":{"line":17,"column":80}},{"start":{"line":17,"column":4},"end":{"line":17,"column":80}}],"line":17}},"s":{"0":5,"1":5,"2":5,"3":5,"4":5,"5":5,"6":5,"7":5,"8":5,"9":1,"10":5,"11":2,"12":2,"13":0,"14":2,"15":2,"16":2,"17":2,"18":2,"19":2,"20":2,"21":2,"22":2,"23":2,"24":5},"f":{"0":1,"1":2},"b":{"0":[0,2]},"_coverageSchema":"43e27e138ebf9cfc5966b082cf9a028302ed4184","hash":"cfc616bb0181d12962499b694caf9af8e738705c"}
,"/home/pipo/Documents/autoecole/auto-ecole_backend/routes/authentication.js": {"path":"/home/pipo/Documents/autoecole/auto-ecole_backend/routes/authentication.js","statementMap":{"0":{"start":{"line":1,"column":16},"end":{"line":1,"column":34}},"1":{"start":{"line":2,"column":15},"end":{"line":2,"column":31}},"2":{"start":{"line":3,"column":17},"end":{"line":3,"column":43}},"3":{"start":{"line":4,"column":18},"end":{"line":4,"column":45}},"4":{"start":{"line":5,"column":18},"end":{"line":5,"column":45}},"5":{"start":{"line":6,"column":15},"end":{"line":6,"column":32}},"6":{"start":{"line":7,"column":12},"end":{"line":7,"column":26}},"7":{"start":{"line":8,"column":12},"end":{"line":8,"column":35}},"8":{"start":{"line":9,"column":15},"end":{"line":9,"column":32}},"9":{"start":{"line":10,"column":28},"end":{"line":10,"column":66}},"10":{"start":{"line":12,"column":0},"end":{"line":36,"column":3}},"11":{"start":{"line":13,"column":4},"end":{"line":13,"column":44}},"12":{"start":{"line":15,"column":20},"end":{"line":15,"column":38}},"13":{"start":{"line":16,"column":4},"end":{"line":16,"column":80}},"14":{"start":{"line":16,"column":15},"end":{"line":16,"column":80}},"15":{"start":{"line":19,"column":19},"end":{"line":19,"column":72}},"16":{"start":{"line":20,"column":4},"end":{"line":23,"column":5}},"17":{"start":{"line":21,"column":9},"end":{"line":21,"column":32}},"18":{"start":{"line":22,"column":9},"end":{"line":22,"column":52}},"19":{"start":{"line":25,"column":20},"end":{"line":25,"column":74}},"20":{"start":{"line":26,"column":4},"end":{"line":29,"column":5}},"21":{"start":{"line":27,"column":8},"end":{"line":27,"column":33}},"22":{"start":{"line":28,"column":8},"end":{"line":28,"column":52}},"23":{"start":{"line":31,"column":20},"end":{"line":31,"column":74}},"24":{"start":{"line":32,"column":4},"end":{"line":34,"column":5}},"25":{"start":{"line":33,"column":8},"end":{"line":33,"column":52}},"26":{"start":{"line":35,"column":4},"end":{"line":35,"column":75}},"27":{"start":{"line":39,"column":0},"end":{"line":42,"column":3}},"28":{"start":{"line":48,"column":19},"end":{"line":51,"column":5}},"29":{"start":{"line":52,"column":4},"end":{"line":52,"column":37}},"30":{"start":{"line":56,"column":4},"end":{"line":62,"column":6}},"31":{"start":{"line":65,"column":0},"end":{"line":65,"column":24}}},"fnMap":{"0":{"name":"(anonymous_0)","decl":{"start":{"line":12,"column":22},"end":{"line":12,"column":23}},"loc":{"start":{"line":12,"column":42},"end":{"line":36,"column":1}},"line":12},"1":{"name":"(anonymous_1)","decl":{"start":{"line":39,"column":22},"end":{"line":39,"column":23}},"loc":{"start":{"line":39,"column":42},"end":{"line":42,"column":1}},"line":39},"2":{"name":"validate","decl":{"start":{"line":47,"column":9},"end":{"line":47,"column":17}},"loc":{"start":{"line":47,"column":23},"end":{"line":53,"column":1}},"line":47},"3":{"name":"generateAuthToken","decl":{"start":{"line":55,"column":9},"end":{"line":55,"column":26}},"loc":{"start":{"line":55,"column":33},"end":{"line":63,"column":1}},"line":55}},"branchMap":{"0":{"loc":{"start":{"line":16,"column":4},"end":{"line":16,"column":80}},"type":"if","locations":[{"start":{"line":16,"column":4},"end":{"line":16,"column":80}},{"start":{"line":16,"column":4},"end":{"line":16,"column":80}}],"line":16},"1":{"loc":{"start":{"line":20,"column":4},"end":{"line":23,"column":5}},"type":"if","locations":[{"start":{"line":20,"column":4},"end":{"line":23,"column":5}},{"start":{"line":20,"column":4},"end":{"line":23,"column":5}}],"line":20},"2":{"loc":{"start":{"line":20,"column":8},"end":{"line":20,"column":74}},"type":"binary-expr","locations":[{"start":{"line":20,"column":8},"end":{"line":20,"column":14}},{"start":{"line":20,"column":18},"end":{"line":20,"column":74}}],"line":20},"3":{"loc":{"start":{"line":26,"column":4},"end":{"line":29,"column":5}},"type":"if","locations":[{"start":{"line":26,"column":4},"end":{"line":29,"column":5}},{"start":{"line":26,"column":4},"end":{"line":29,"column":5}}],"line":26},"4":{"loc":{"start":{"line":26,"column":8},"end":{"line":26,"column":76}},"type":"binary-expr","locations":[{"start":{"line":26,"column":8},"end":{"line":26,"column":15}},{"start":{"line":26,"column":19},"end":{"line":26,"column":76}}],"line":26},"5":{"loc":{"start":{"line":32,"column":4},"end":{"line":34,"column":5}},"type":"if","locations":[{"start":{"line":32,"column":4},"end":{"line":34,"column":5}},{"start":{"line":32,"column":4},"end":{"line":34,"column":5}}],"line":32},"6":{"loc":{"start":{"line":32,"column":8},"end":{"line":32,"column":76}},"type":"binary-expr","locations":[{"start":{"line":32,"column":8},"end":{"line":32,"column":15}},{"start":{"line":32,"column":19},"end":{"line":32,"column":76}}],"line":32}},"s":{"0":5,"1":5,"2":5,"3":5,"4":5,"5":5,"6":5,"7":5,"8":5,"9":5,"10":5,"11":0,"12":0,"13":0,"14":0,"15":0,"16":0,"17":0,"18":0,"19":0,"20":0,"21":0,"22":0,"23":0,"24":0,"25":0,"26":0,"27":5,"28":0,"29":0,"30":0,"31":5},"f":{"0":0,"1":0,"2":0,"3":0},"b":{"0":[0,0],"1":[0,0],"2":[0,0],"3":[0,0],"4":[0,0],"5":[0,0],"6":[0,0]},"_coverageSchema":"43e27e138ebf9cfc5966b082cf9a028302ed4184","hash":"39f16fdbc824c53d8f1db52cf8f5295422fde1be"}
[...]
"28":{"loc":{"start":{"line":235,"column":4},"end":{"line":235,"column":135}},"type":"if","locations":[{"start":{"line":235,"column":4},"end":{"line":235,"column":135}},{"start":{"line":235,"column":4},"end":{"line":235,"column":135}}],"line":235},"29":{"loc":{"start":{"line":239,"column":4},"end":{"line":239,"column":76}},"type":"if","locations":[{"start":{"line":239,"column":4},"end":{"line":239,"column":76}},{"start":{"line":239,"column":4},"end":{"line":239,"column":76}}],"line":239},"30":{"loc":{"start":{"line":240,"column":4},"end":{"line":240,"column":76}},"type":"if","locations":[{"start":{"line":240,"column":4},"end":{"line":240,"column":76}},{"start":{"line":240,"column":4},"end":{"line":240,"column":76}}],"line":240},"31":{"loc":{"start":{"line":241,"column":4},"end":{"line":241,"column":106}},"type":"if","locations":[{"start":{"line":241,"column":4},"end":{"line":241,"column":106}},{"start":{"line":241,"column":4},"end":{"line":241,"column":106}}],"line":241},"32":{"loc":{"start":{"line":246,"column":4},"end":{"line":261,"column":5}},"type":"if","locations":[{"start":{"line":246,"column":4},"end":{"line":261,"column":5}},{"start":{"line":246,"column":4},"end":{"line":261,"column":5}}],"line":246},"33":{"loc":{"start":{"line":252,"column":8},"end":{"line":255,"column":9}},"type":"if","locations":[{"start":{"line":252,"column":8},"end":{"line":255,"column":9}},{"start":{"line":252,"column":8},"end":{"line":255,"column":9}}],"line":252},"34":{"loc":{"start":{"line":257,"column":9},"end":{"line":261,"column":5}},"type":"if","locations":[{"start":{"line":257,"column":9},"end":{"line":261,"column":5}},{"start":{"line":257,"column":9},"end":{"line":261,"column":5}}],"line":257},"35":{"loc":{"start":{"line":263,"column":4},"end":{"line":266,"column":5}},"type":"if","locations":[{"start":{"line":263,"column":4},"end":{"line":266,"column":5}},{"start":{"line":263,"column":4},"end":{"line":266,"column":5}}],"line":263},"36":{"loc":{"start":{"line":275,"column":4},"end":{"line":275,"column":106}},"type":"if","locations":[{"start":{"line":275,"column":4},"end":{"line":275,"column":106}},{"start":{"line":275,"column":4},"end":{"line":275,"column":106}}],"line":275},"37":{"loc":{"start":{"line":277,"column":4},"end":{"line":280,"column":5}},"type":"if","locations":[{"start":{"line":277,"column":4},"end":{"line":280,"column":5}},{"start":{"line":277,"column":4},"end":{"line":280,"column":5}}],"line":277},"38":{"loc":{"start":{"line":288,"column":4},"end":{"line":288,"column":106}},"type":"if","locations":[{"start":{"line":288,"column":4},"end":{"line":288,"column":106}},{"start":{"line":288,"column":4},"end":{"line":288,"column":106}}],"line":288},"39":{"loc":{"start":{"line":290,"column":4},"end":{"line":293,"column":5}},"type":"if","locations":[{"start":{"line":290,"column":4},"end":{"line":293,"column":5}},{"start":{"line":290,"column":4},"end":{"line":293,"column":5}}],"line":290},"40":{"loc":{"start":{"line":295,"column":4},"end":{"line":305,"column":5}},"type":"if","locations":[{"start":{"line":295,"column":4},"end":{"line":305,"column":5}},{"start":{"line":295,"column":4},"end":{"line":305,"column":5}}],"line":295},"41":{"loc":{"start":{"line":298,"column":8},"end":{"line":304,"column":9}},"type":"if","locations":[{"start":{"line":298,"column":8},"end":{"line":304,"column":9}},{"start":{"line":298,"column":8},"end":{"line":304,"column":9}}],"line":298},"42":{"loc":{"start":{"line":307,"column":4},"end":{"line":309,"column":5}},"type":"if","locations":[{"start":{"line":307,"column":4},"end":{"line":309,"column":5}},{"start":{"line":307,"column":4},"end":{"line":309,"column":5}}],"line":307}},"s":{"0":5,"1":5,"2":5,"3":5,"4":5,"5":5,"6":5,"7":5,"8":5,"9":5,"10":5,"11":5,"12":5,"13":5,"14":5,"15":1,"16":5,"17":0,"18":0,"19":0,"20":0,"21":5,"22":1,"23":1,"24":5,"25":0,"26":5,"27":12,"28":12,"29":12,"30":1,"31":11,"32":11,"33":9,"34":2,"35":2,"36":1,"37":1,"38":0,"39":1,"40":1,"41":1,"42":0,"43":1,"44":1,"45":1,"46":1,"47":0,"48":1,"49":1,"50":1,"51":1,"52":0,"53":0,"54":0,"55":0,"56":0,"57":0,"58":0,"59":0,"60":0,"61":0,"62":0,"63":0,"64":5,"65":0,"66":0,"67":0,"68":0,"69":0,"70":0,"71":0,"72":0,"73":0,"74":0,"75":0,"76":0,"77":0,"78":0,"79":0,"80":0,"81":0,"82":0,"83":0,"84":0,"85":0,"86":0,"87":0,"88":0,"89":0,"90":0,"91":0,"92":0,"93":0,"94":0,"95":0,"96":5,"97":0,"98":0,"99":0,"100":0,"101":0,"102":0,"103":0,"104":0,"105":0,"106":0,"107":0,"108":0,"109":0,"110":0,"111":0,"112":0,"113":0,"114":0,"115":0,"116":0,"117":0,"118":0,"119":0,"120":0,"121":0,"122":0,"123":0,"124":0,"125":0,"126":0,"127":0,"128":0,"129":0,"130":0,"131":0,"132":0,"133":0,"134":0,"135":0,"136":0,"137":0,"138":0,"139":0,"140":0,"141":0,"142":0,"143":0,"144":0,"145":0,"146":0,"147":0,"148":5,"149":0,"150":0,"151":0,"152":0,"153":0,"154":0,"155":0,"156":0,"157":5,"158":0,"159":0,"160":0,"161":0,"162":0,"163":0,"164":0,"165":0,"166":0,"167":0,"168":0,"169":0,"170":0,"171":0,"172":0,"173":0,"174":5},"f":{"0":1,"1":0,"2":1,"3":0,"4":12,"5":0,"6":0,"7":0,"8":0,"9":0},"b":{"0":[0,0],"1":[1,11],"2":[9,2],"3":[1,1],"4":[0,1],"5":[1,1],"6":[0,1],"7":[1,0],"8":[0,1],"9":[1,0],"10":[0,0],"11":[0,0],"12":[0,0],"13":[0,0],"14":[0,0],"15":[0,0],"16":[0,0],"17":[0,0],"18":[0,0],"19":[0,0],"20":[0,0],"21":[0,0],"22":[0,0],"23":[0,0],"24":[0,0],"25":[0,0],"26":[0,0],"27":[0,0],"28":[0,0],"29":[0,0],"30":[0,0],"31":[0,0],"32":[0,0],"33":[0,0],"34":[0,0],"35":[0,0],"36":[0,0],"37":[0,0],"38":[0,0],"39":[0,0],"40":[0,0],"41":[0,0],"42":[0,0]},"_coverageSchema":"43e27e138ebf9cfc5966b082cf9a028302ed4184","hash":"32e1fcbedf0291df39c31ccbf0ac2d5a059a70e9"}
,"/home/pipo/Documents/autoecole/auto-ecole_backend/startup/config.js": {"path":"/home/pipo/Documents/autoecole/auto-ecole_backend/startup/config.js","statementMap":{"0":{"start":{"line":1,"column":15},"end":{"line":1,"column":32}},"1":{"start":{"line":3,"column":0},"end":{"line":22,"column":2}},"2":{"start":{"line":5,"column":7},"end":{"line":7,"column":8}},"3":{"start":{"line":6,"column":11},"end":{"line":6,"column":73}},"4":{"start":{"line":9,"column":8},"end":{"line":11,"column":9}},"5":{"start":{"line":10,"column":12},"end":{"line":10,"column":88}}},"fnMap":{"0":{"name":"(anonymous_0)","decl":{"start":{"line":3,"column":17},"end":{"line":3,"column":18}},"loc":{"start":{"line":3,"column":26},"end":{"line":22,"column":1}},"line":3}},"branchMap":{"0":{"loc":{"start":{"line":5,"column":7},"end":{"line":7,"column":8}},"type":"if","locations":[{"start":{"line":5,"column":7},"end":{"line":7,"column":8}},{"start":{"line":5,"column":7},"end":{"line":7,"column":8}}],"line":5},"1":{"loc":{"start":{"line":9,"column":8},"end":{"line":11,"column":9}},"type":"if","locations":[{"start":{"line":9,"column":8},"end":{"line":11,"column":9}},{"start":{"line":9,"column":8},"end":{"line":11,"column":9}}],"line":9}},"s":{"0":5,"1":5,"2":5,"3":0,"4":5,"5":0},"f":{"0":5},"b":{"0":[0,5],"1":[0,5]},"_coverageSchema":"43e27e138ebf9cfc5966b082cf9a028302ed4184","hash":"38df629a37ec2145c2e120aace0c94479492d178"}
,"/home/pipo/Documents/autoecole/auto-ecole_backend/startup/db.js": {"path":"/home/pipo/Documents/autoecole/auto-ecole_backend/startup/db.js","statementMap":{"0":{"start":{"line":1,"column":17},"end":{"line":1,"column":36}},"1":{"start":{"line":2,"column":17},"end":{"line":2,"column":46}},"2":{"start":{"line":3,"column":15},"end":{"line":3,"column":32}},"3":{"start":{"line":4,"column":0},"end":{"line":13,"column":2}},"4":{"start":{"line":7,"column":4},"end":{"line":12,"column":85}},"5":{"start":{"line":12,"column":20},"end":{"line":12,"column":83}}},"fnMap":{"0":{"name":"(anonymous_0)","decl":{"start":{"line":4,"column":17},"end":{"line":4,"column":18}},"loc":{"start":{"line":4,"column":23},"end":{"line":13,"column":1}},"line":4},"1":{"name":"(anonymous_1)","decl":{"start":{"line":12,"column":14},"end":{"line":12,"column":15}},"loc":{"start":{"line":12,"column":20},"end":{"line":12,"column":83}},"line":12}},"branchMap":{},"s":{"0":5,"1":5,"2":5,"3":5,"4":5,"5":5},"f":{"0":5,"1":5},"b":{},"_coverageSchema":"43e27e138ebf9cfc5966b082cf9a028302ed4184","hash":"a98f733708d67b164aa2583d56c1e6fc1527bbfe"}
,"/home/pipo/Documents/autoecole/auto-ecole_backend/startup/logging.js": {"path":"/home/pipo/Documents/autoecole/auto-ecole_backend/startup/logging.js","statementMap":{"0":{"start":{"line":1,"column":45},"end":{"line":1,"column":63}},"1":{"start":{"line":2,"column":46},"end":{"line":2,"column":52}},"2":{"start":{"line":3,"column":15},"end":{"line":3,"column":32}},"3":{"start":{"line":4,"column":0},"end":{"line":4,"column":27}},"4":{"start":{"line":5,"column":0},"end":{"line":5,"column":32}},"5":{"start":{"line":9,"column":17},"end":{"line":12,"column":2}},"6":{"start":{"line":10,"column":4},"end":{"line":10,"column":40}},"7":{"start":{"line":10,"column":29},"end":{"line":10,"column":40}},"8":{"start":{"line":11,"column":4},"end":{"line":11,"column":67}},"9":{"start":{"line":14,"column":0},"end":{"line":29,"column":3}},"10":{"start":{"line":32,"column":0},"end":{"line":32,"column":31}},"11":{"start":{"line":35,"column":0},"end":{"line":39,"column":2}},"12":{"start":{"line":36,"column":4},"end":{"line":38,"column":7}},"13":{"start":{"line":37,"column":8},"end":{"line":37,"column":18}}},"fnMap":{"0":{"name":"(anonymous_0)","decl":{"start":{"line":9,"column":24},"end":{"line":9,"column":25}},"loc":{"start":{"line":9,"column":73},"end":{"line":12,"column":1}},"line":9},"1":{"name":"(anonymous_1)","decl":{"start":{"line":35,"column":33},"end":{"line":35,"column":34}},"loc":{"start":{"line":35,"column":45},"end":{"line":39,"column":1}},"line":35},"2":{"name":"(anonymous_2)","decl":{"start":{"line":36,"column":37},"end":{"line":36,"column":38}},"loc":{"start":{"line":36,"column":45},"end":{"line":38,"column":5}},"line":36}},"branchMap":{"0":{"loc":{"start":{"line":10,"column":4},"end":{"line":10,"column":40}},"type":"if","locations":[{"start":{"line":10,"column":4},"end":{"line":10,"column":40}},{"start":{"line":10,"column":4},"end":{"line":10,"column":40}}],"line":10}},"s":{"0":7,"1":7,"2":7,"3":7,"4":7,"5":7,"6":68,"7":67,"8":68,"9":7,"10":7,"11":7,"12":5,"13":0},"f":{"0":68,"1":5,"2":0},"b":{"0":[67,1]},"_coverageSchema":"43e27e138ebf9cfc5966b082cf9a028302ed4184","hash":"99b52773df145a56f366dea2155dfcc800d050ff"}
,"/home/pipo/Documents/autoecole/auto-ecole_backend/startup/mailer.js": {"path":"/home/pipo/Documents/autoecole/auto-ecole_backend/startup/mailer.js","statementMap":{"0":{"start":{"line":1,"column":15},"end":{"line":1,"column":36}},"1":{"start":{"line":2,"column":18},"end":{"line":2,"column":46}},"2":{"start":{"line":5,"column":19},"end":{"line":11,"column":2}},"3":{"start":{"line":13,"column":0},"end":{"line":25,"column":2}},"4":{"start":{"line":14,"column":4},"end":{"line":14,"column":34}},"5":{"start":{"line":15,"column":24},"end":{"line":20,"column":5}},"6":{"start":{"line":21,"column":4},"end":{"line":24,"column":7}},"7":{"start":{"line":22,"column":8},"end":{"line":23,"column":65}},"8":{"start":{"line":22,"column":17},"end":{"line":22,"column":61}},"9":{"start":{"line":23,"column":13},"end":{"line":23,"column":65}}},"fnMap":{"0":{"name":"(anonymous_0)","decl":{"start":{"line":13,"column":17},"end":{"line":13,"column":18}},"loc":{"start":{"line":13,"column":46},"end":{"line":25,"column":1}},"line":13},"1":{"name":"(anonymous_1)","decl":{"start":{"line":21,"column":37},"end":{"line":21,"column":38}},"loc":{"start":{"line":21,"column":52},"end":{"line":24,"column":5}},"line":21}},"branchMap":{"0":{"loc":{"start":{"line":22,"column":8},"end":{"line":23,"column":65}},"type":"if","locations":[{"start":{"line":22,"column":8},"end":{"line":23,"column":65}},{"start":{"line":22,"column":8},"end":{"line":23,"column":65}}],"line":22}},"s":{"0":5,"1":5,"2":5,"3":5,"4":4,"5":4,"6":4,"7":1,"8":0,"9":1},"f":{"0":4,"1":1},"b":{"0":[0,1]},"_coverageSchema":"43e27e138ebf9cfc5966b082cf9a028302ed4184","hash":"07cfaa91a949d7929f7919cb446b657d316e404a"}
,"/home/pipo/Documents/autoecole/auto-ecole_backend/startup/prod.js": {"path":"/home/pipo/Documents/autoecole/auto-ecole_backend/startup/prod.js","statementMap":{"0":{"start":{"line":1,"column":15},"end":{"line":1,"column":32}},"1":{"start":{"line":2,"column":20},"end":{"line":2,"column":42}},"2":{"start":{"line":4,"column":0},"end":{"line":7,"column":2}},"3":{"start":{"line":5,"column":4},"end":{"line":5,"column":22}},"4":{"start":{"line":6,"column":4},"end":{"line":6,"column":27}}},"fnMap":{"0":{"name":"(anonymous_0)","decl":{"start":{"line":4,"column":17},"end":{"line":4,"column":18}},"loc":{"start":{"line":4,"column":32},"end":{"line":7,"column":1}},"line":4}},"branchMap":{},"s":{"0":5,"1":5,"2":5,"3":5,"4":5},"f":{"0":5},"b":{},"_coverageSchema":"43e27e138ebf9cfc5966b082cf9a028302ed4184","hash":"42238e20d5972749ba78f5790db12fb543045aa6"}
,"/home/pipo/Documents/autoecole/auto-ecole_backend/startup/routes.js": {"path":"/home/pipo/Documents/autoecole/auto-ecole_backend/startup/routes.js","statementMap":{"0":{"start":{"line":1,"column":14},"end":{"line":1,"column":44}},"1":{"start":{"line":2,"column":22},"end":{"line":2,"column":60}},"2":{"start":{"line":3,"column":16},"end":{"line":3,"column":34}},"3":{"start":{"line":6,"column":15},"end":{"line":6,"column":43}},"4":{"start":{"line":7,"column":13},"end":{"line":7,"column":38}},"5":{"start":{"line":8,"column":16},"end":{"line":8,"column":44}},"6":{"start":{"line":9,"column":17},"end":{"line":9,"column":46}},"7":{"start":{"line":10,"column":17},"end":{"line":10,"column":46}},"8":{"start":{"line":11,"column":24},"end":{"line":11,"column":59}},"9":{"start":{"line":12,"column":17},"end":{"line":12,"column":46}},"10":{"start":{"line":13,"column":18},"end":{"line":13,"column":47}},"11":{"start":{"line":14,"column":13},"end":{"line":14,"column":39}},"12":{"start":{"line":15,"column":16},"end":{"line":15,"column":45}},"13":{"start":{"line":16,"column":18},"end":{"line":16,"column":49}},"14":{"start":{"line":17,"column":16},"end":{"line":17,"column":48}},"15":{"start":{"line":18,"column":14},"end":{"line":18,"column":41}},"16":{"start":{"line":21,"column":0},"end":{"line":43,"column":2}},"17":{"start":{"line":24,"column":4},"end":{"line":24,"column":29}},"18":{"start":{"line":25,"column":4},"end":{"line":25,"column":27}},"19":{"start":{"line":27,"column":4},"end":{"line":27,"column":21}},"20":{"start":{"line":29,"column":4},"end":{"line":29,"column":31}},"21":{"start":{"line":30,"column":4},"end":{"line":30,"column":25}},"22":{"start":{"line":31,"column":4},"end":{"line":31,"column":31}},"23":{"start":{"line":32,"column":4},"end":{"line":32,"column":33}},"24":{"start":{"line":33,"column":4},"end":{"line":33,"column":33}},"25":{"start":{"line":34,"column":4},"end":{"line":34,"column":33}},"26":{"start":{"line":35,"column":4},"end":{"line":35,"column":33}},"27":{"start":{"line":36,"column":4},"end":{"line":36,"column":27}},"28":{"start":{"line":37,"column":4},"end":{"line":37,"column":27}},"29":{"start":{"line":38,"column":4},"end":{"line":38,"column":33}},"30":{"start":{"line":39,"column":4},"end":{"line":39,"column":37}},"31":{"start":{"line":40,"column":4},"end":{"line":40,"column":30}},"32":{"start":{"line":42,"column":4},"end":{"line":42,"column":19}}},"fnMap":{"0":{"name":"(anonymous_0)","decl":{"start":{"line":21,"column":17},"end":{"line":21,"column":18}},"loc":{"start":{"line":21,"column":26},"end":{"line":43,"column":1}},"line":21}},"branchMap":{},"s":{"0":5,"1":5,"2":5,"3":5,"4":5,"5":5,"6":5,"7":5,"8":5,"9":5,"10":5,"11":5,"12":5,"13":5,"14":5,"15":5,"16":5,"17":5,"18":5,"19":5,"20":5,"21":5,"22":5,"23":5,"24":5,"25":5,"26":5,"27":5,"28":5,"29":5,"30":5,"31":5,"32":5},"f":{"0":5},"b":{},"_coverageSchema":"43e27e138ebf9cfc5966b082cf9a028302ed4184","hash":"33fb8c2a0a09102929144bb84bc4d8041280a118"}
,"/home/pipo/Documents/autoecole/auto-ecole_backend/startup/validation.js": {"path":"/home/pipo/Documents/autoecole/auto-ecole_backend/startup/validation.js","statementMap":{"0":{"start":{"line":1,"column":12},"end":{"line":1,"column":26}},"1":{"start":{"line":4,"column":20},"end":{"line":61,"column":2}},"2":{"start":{"line":18,"column":24},"end":{"line":18,"column":52}},"3":{"start":{"line":19,"column":12},"end":{"line":21,"column":13}},"4":{"start":{"line":20,"column":16},"end":{"line":20,"column":85}},"5":{"start":{"line":22,"column":16},"end":{"line":22,"column":28}},"6":{"start":{"line":27,"column":24},"end":{"line":27,"column":166}},"7":{"start":{"line":28,"column":12},"end":{"line":30,"column":13}},"8":{"start":{"line":29,"column":16},"end":{"line":29,"column":84}},"9":{"start":{"line":31,"column":12},"end":{"line":31,"column":25}},"10":{"start":{"line":36,"column":24},"end":{"line":36,"column":51}},"11":{"start":{"line":37,"column":12},"end":{"line":39,"column":13}},"12":{"start":{"line":38,"column":16},"end":{"line":38,"column":87}},"13":{"start":{"line":40,"column":12},"end":{"line":40,"column":25}},"14":{"start":{"line":45,"column":24},"end":{"line":45,"column":44}},"15":{"start":{"line":46,"column":12},"end":{"line":48,"column":13}},"16":{"start":{"line":47,"column":16},"end":{"line":47,"column":82}},"17":{"start":{"line":49,"column":12},"end":{"line":49,"column":24}},"18":{"start":{"line":54,"column":24},"end":{"line":54,"column":71}},"19":{"start":{"line":55,"column":12},"end":{"line":57,"column":13}},"20":{"start":{"line":56,"column":16},"end":{"line":56,"column":87}},"21":{"start":{"line":58,"column":12},"end":{"line":58,"column":24}},"22":{"start":{"line":63,"column":0},"end":{"line":63,"column":29}}},"fnMap":{"0":{"name":"(anonymous_0)","decl":{"start":{"line":17,"column":8},"end":{"line":17,"column":9}},"loc":{"start":{"line":17,"column":48},"end":{"line":23,"column":9}},"line":17},"1":{"name":"(anonymous_1)","decl":{"start":{"line":26,"column":8},"end":{"line":26,"column":9}},"loc":{"start":{"line":26,"column":48},"end":{"line":32,"column":9}},"line":26},"2":{"name":"(anonymous_2)","decl":{"start":{"line":35,"column":8},"end":{"line":35,"column":9}},"loc":{"start":{"line":35,"column":48},"end":{"line":41,"column":9}},"line":35},"3":{"name":"(anonymous_3)","decl":{"start":{"line":44,"column":8},"end":{"line":44,"column":9}},"loc":{"start":{"line":44,"column":48},"end":{"line":50,"column":9}},"line":44},"4":{"name":"(anonymous_4)","decl":{"start":{"line":53,"column":8},"end":{"line":53,"column":9}},"loc":{"start":{"line":53,"column":48},"end":{"line":59,"column":9}},"line":53}},"branchMap":{"0":{"loc":{"start":{"line":19,"column":12},"end":{"line":21,"column":13}},"type":"if","locations":[{"start":{"line":19,"column":12},"end":{"line":21,"column":13}},{"start":{"line":19,"column":12},"end":{"line":21,"column":13}}],"line":19},"1":{"loc":{"start":{"line":28,"column":12},"end":{"line":30,"column":13}},"type":"if","locations":[{"start":{"line":28,"column":12},"end":{"line":30,"column":13}},{"start":{"line":28,"column":12},"end":{"line":30,"column":13}}],"line":28},"2":{"loc":{"start":{"line":37,"column":12},"end":{"line":39,"column":13}},"type":"if","locations":[{"start":{"line":37,"column":12},"end":{"line":39,"column":13}},{"start":{"line":37,"column":12},"end":{"line":39,"column":13}}],"line":37},"3":{"loc":{"start":{"line":46,"column":12},"end":{"line":48,"column":13}},"type":"if","locations":[{"start":{"line":46,"column":12},"end":{"line":48,"column":13}},{"start":{"line":46,"column":12},"end":{"line":48,"column":13}}],"line":46},"4":{"loc":{"start":{"line":55,"column":12},"end":{"line":57,"column":13}},"type":"if","locations":[{"start":{"line":55,"column":12},"end":{"line":57,"column":13}},{"start":{"line":55,"column":12},"end":{"line":57,"column":13}}],"line":55}},"s":{"0":6,"1":6,"2":11,"3":11,"4":0,"5":11,"6":6,"7":6,"8":0,"9":6,"10":48,"11":48,"12":0,"13":48,"14":10,"15":10,"16":0,"17":10,"18":5,"19":5,"20":0,"21":5,"22":6},"f":{"0":11,"1":6,"2":48,"3":10,"4":5},"b":{"0":[0,11],"1":[0,6],"2":[0,48],"3":[0,10],"4":[0,5]},"_coverageSchema":"43e27e138ebf9cfc5966b082cf9a028302ed4184","hash":"0afa025d492a9cfd2146cc17afe6bc2f80874923"}
}
