TN:
SF:/home/pipo/Documents/autoecole/auto-ecole_backend/app.js
FN:33,(anonymous_0)
FNF:1
FNH:1
FNDA:5,(anonymous_0)
DA:2,5
DA:3,5
DA:4,5
DA:6,5
DA:8,5
DA:10,5
DA:12,5
DA:13,5
DA:15,5
DA:16,5
DA:18,5
DA:20,5
DA:21,5
DA:23,5
DA:25,5
DA:27,5
DA:29,5
DA:30,5
DA:32,5
DA:33,5
DA:35,5
LF:21
LH:21
BRDA:32,0,0,5
BRDA:32,0,1,5
BRF:2
BRH:2
end_of_record
TN:
SF:/home/pipo/Documents/autoecole/auto-ecole_backend/middleware/authorization.js
FN:115,(anonymous_0)
FN:143,(anonymous_1)
FN:152,(anonymous_2)
FN:170,compact
FNF:4
FNH:4
FNDA:73,(anonymous_0)
FNDA:338,(anonymous_1)
FNDA:286,(anonymous_2)
FNDA:218,compact
DA:1,6
DA:2,6
DA:3,6
DA:4,6
DA:6,6
DA:20,6
DA:36,6
DA:62,6
DA:115,6
DA:116,73
DA:117,73
DA:119,73
DA:121,71
DA:122,12
DA:123,12
DA:126,59
DA:127,59
DA:129,58
DA:132,58
DA:133,57
DA:134,57
DA:136,57
DA:139,31
DA:140,31
DA:143,338
DA:144,26
DA:146,13
DA:147,13
DA:148,11
DA:149,13
DA:152,286
DA:153,13
DA:155,7
DA:156,7
DA:157,7
DA:159,6
DA:160,5
DA:161,5
DA:163,1
DA:164,1
DA:166,1
DA:171,218
LF:42
LH:42
BRDA:119,0,0,2
BRDA:119,0,1,71
BRDA:121,1,0,12
BRDA:121,1,1,59
BRDA:127,2,0,1
BRDA:127,2,1,58
BRDA:136,3,0,31
BRDA:136,3,1,26
BRDA:136,4,0,57
BRDA:136,4,1,35
BRDA:144,5,0,13
BRDA:144,5,1,13
BRDA:144,6,0,26
BRDA:144,6,1,13
BRDA:147,7,0,2
BRDA:147,7,1,11
BRDA:153,8,0,7
BRDA:153,8,1,6
BRDA:153,9,0,13
BRDA:153,9,1,7
BRDA:156,10,0,2
BRDA:156,10,1,5
BRDA:159,11,0,5
BRDA:159,11,1,1
BRF:24
BRH:24
end_of_record
TN:
SF:/home/pipo/Documents/autoecole/auto-ecole_backend/middleware/error.js
FN:2,(anonymous_0)
FNF:1
FNH:1
FNDA:2,(anonymous_0)
DA:1,6
DA:2,6
DA:4,2
DA:9,2
LF:4
LH:4
BRF:0
BRH:0
end_of_record
TN:
SF:/home/pipo/Documents/autoecole/auto-ecole_backend/middleware/isFullReservation.js
FN:1,(anonymous_0)
FNF:1
FNH:1
FNDA:14,(anonymous_0)
DA:1,6
DA:2,14
DA:3,14
LF:3
LH:3
BRF:0
BRH:0
end_of_record
TN:
SF:/home/pipo/Documents/autoecole/auto-ecole_backend/middleware/notify.js
FN:5,(anonymous_0)
FN:9,(anonymous_1)
FN:21,(anonymous_2)
FN:25,(anonymous_3)
FN:41,(anonymous_4)
FN:44,(anonymous_5)
FN:52,(anonymous_6)
FN:65,(anonymous_7)
FN:80,(anonymous_8)
FN:98,(anonymous_9)
FN:116,(anonymous_10)
FN:135,(anonymous_11)
FN:149,(anonymous_12)
FN:157,(anonymous_13)
FN:172,(anonymous_14)
FN:181,(anonymous_15)
FN:197,(anonymous_16)
FN:204,(anonymous_17)
FN:219,(anonymous_18)
FN:226,(anonymous_19)
FN:241,(anonymous_20)
FN:249,(anonymous_21)
FN:263,(anonymous_22)
FN:271,(anonymous_23)
FN:286,(anonymous_24)
FN:295,(anonymous_25)
FN:310,(anonymous_26)
FN:318,(anonymous_27)
FN:332,(anonymous_28)
FNF:29
FNH:2
FNDA:6,(anonymous_0)
FNDA:0,(anonymous_1)
FNDA:0,(anonymous_2)
FNDA:0,(anonymous_3)
FNDA:0,(anonymous_4)
FNDA:0,(anonymous_5)
FNDA:2,(anonymous_6)
FNDA:0,(anonymous_7)
FNDA:0,(anonymous_8)
FNDA:0,(anonymous_9)
FNDA:0,(anonymous_10)
FNDA:0,(anonymous_11)
FNDA:0,(anonymous_12)
FNDA:0,(anonymous_13)
FNDA:0,(anonymous_14)
FNDA:0,(anonymous_15)
FNDA:0,(anonymous_16)
FNDA:0,(anonymous_17)
FNDA:0,(anonymous_18)
FNDA:0,(anonymous_19)
FNDA:0,(anonymous_20)
FNDA:0,(anonymous_21)
FNDA:0,(anonymous_22)
FNDA:0,(anonymous_23)
FNDA:0,(anonymous_24)
FNDA:0,(anonymous_25)
FNDA:0,(anonymous_26)
FNDA:0,(anonymous_27)
FNDA:0,(anonymous_28)
DA:1,6
DA:2,6
DA:5,6
DA:7,6
DA:9,6
DA:11,0
DA:17,0
DA:19,0
DA:21,0
DA:22,0
DA:23,0
DA:25,0
DA:27,0
DA:28,0
DA:32,0
DA:33,0
DA:36,0
DA:37,0
DA:41,0
DA:42,0
DA:44,0
DA:45,0
DA:52,6
DA:53,2
DA:54,2
DA:60,1
DA:61,1
DA:65,6
DA:66,0
DA:67,0
DA:68,0
DA:75,0
DA:76,0
DA:80,6
DA:81,0
DA:83,0
DA:92,0
DA:94,0
DA:98,6
DA:99,0
DA:101,0
DA:110,0
DA:112,0
DA:116,6
DA:117,0
DA:119,0
DA:127,0
DA:129,0
DA:135,6
DA:136,0
DA:138,0
DA:146,0
DA:148,0
DA:149,0
DA:150,0
DA:151,0
DA:157,6
DA:158,0
DA:160,0
DA:169,0
DA:171,0
DA:172,0
DA:173,0
DA:174,0
DA:181,6
DA:182,0
DA:184,0
DA:186,0
DA:194,0
DA:196,0
DA:197,0
DA:198,0
DA:199,0
DA:204,6
DA:205,0
DA:207,0
DA:216,0
DA:218,0
DA:219,0
DA:220,0
DA:221,0
DA:226,6
DA:227,0
DA:229,0
DA:238,0
DA:240,0
DA:241,0
DA:242,0
DA:243,0
DA:249,6
DA:250,0
DA:252,0
DA:260,0
DA:262,0
DA:263,0
DA:264,0
DA:265,0
DA:271,6
DA:272,0
DA:274,0
DA:283,0
DA:285,0
DA:286,0
DA:287,0
DA:288,0
DA:295,6
DA:296,0
DA:298,0
DA:307,0
DA:309,0
DA:310,0
DA:311,0
DA:312,0
DA:318,6
DA:319,0
DA:321,0
DA:329,0
DA:331,0
DA:332,0
DA:333,0
DA:334,0
LF:121
LH:23
BRDA:25,0,0,0
BRDA:25,0,1,0
BRDA:32,1,0,0
BRDA:32,1,1,0
BRDA:70,2,0,0
BRDA:70,2,1,0
BRDA:84,3,0,0
BRDA:84,3,1,0
BRDA:150,4,0,0
BRDA:150,4,1,0
BRDA:173,5,0,0
BRDA:173,5,1,0
BRDA:184,6,0,0
BRDA:184,6,1,0
BRDA:198,7,0,0
BRDA:198,7,1,0
BRDA:220,8,0,0
BRDA:220,8,1,0
BRDA:242,9,0,0
BRDA:242,9,1,0
BRDA:264,10,0,0
BRDA:264,10,1,0
BRDA:287,11,0,0
BRDA:287,11,1,0
BRDA:311,12,0,0
BRDA:311,12,1,0
BRDA:333,13,0,0
BRDA:333,13,1,0
BRF:28
BRH:0
end_of_record
TN:
SF:/home/pipo/Documents/autoecole/auto-ecole_backend/middleware/pdfkit-tables.js
FN:6,(anonymous_0)
FN:10,(anonymous_1)
FN:29,(anonymous_2)
FN:31,(anonymous_3)
FN:33,(anonymous_4)
FN:36,(anonymous_5)
FN:46,(anonymous_6)
FN:59,(anonymous_7)
FN:72,(anonymous_8)
FN:88,(anonymous_9)
FN:102,(anonymous_10)
FNF:11
FNH:0
FNDA:0,(anonymous_0)
FNDA:0,(anonymous_1)
FNDA:0,(anonymous_2)
FNDA:0,(anonymous_3)
FNDA:0,(anonymous_4)
FNDA:0,(anonymous_5)
FNDA:0,(anonymous_6)
FNDA:0,(anonymous_7)
FNDA:0,(anonymous_8)
FNDA:0,(anonymous_9)
FNDA:0,(anonymous_10)
DA:3,5
DA:7,0
DA:11,0
DA:12,0
DA:14,0
DA:15,0
DA:16,0
DA:18,0
DA:19,0
DA:20,0
DA:21,0
DA:24,0
DA:25,0
DA:26,0
DA:27,0
DA:28,0
DA:29,0
DA:31,0
DA:33,0
DA:34,0
DA:36,0
DA:37,0
DA:41,0
DA:44,0
DA:46,0
DA:47,0
DA:48,0
DA:51,0
DA:53,0
DA:54,0
DA:55,0
DA:57,0
DA:59,0
DA:60,0
DA:61,0
DA:65,0
DA:68,0
DA:69,0
DA:72,0
DA:73,0
DA:80,0
DA:83,0
DA:88,0
DA:89,0
DA:93,0
DA:94,0
DA:96,0
DA:99,0
DA:102,0
DA:103,0
DA:110,0
DA:113,0
DA:121,0
DA:122,0
DA:124,0
DA:128,5
LF:56
LH:2
BRDA:14,0,0,0
BRDA:14,0,1,0
BRDA:14,1,0,0
BRDA:14,1,1,0
BRDA:18,2,0,0
BRDA:18,2,1,0
BRDA:20,3,0,0
BRDA:20,3,1,0
BRDA:25,4,0,0
BRDA:25,4,1,0
BRDA:26,5,0,0
BRDA:26,5,1,0
BRDA:27,6,0,0
BRDA:27,6,1,0
BRDA:29,7,0,0
BRDA:29,7,1,0
BRDA:31,8,0,0
BRDA:31,8,1,0
BRDA:47,9,0,0
BRDA:47,9,1,0
BRDA:51,10,0,0
BRDA:51,10,1,0
BRDA:68,11,0,0
BRDA:68,11,1,0
BRDA:93,12,0,0
BRDA:93,12,1,0
BRF:26
BRH:0
end_of_record
TN:
SF:/home/pipo/Documents/autoecole/auto-ecole_backend/middleware/req-log.js
FN:8,(anonymous_0)
FNF:1
FNH:1
FNDA:55,(anonymous_0)
DA:1,5
DA:2,5
DA:3,5
DA:4,5
DA:5,5
DA:8,5
DA:9,55
DA:10,55
DA:16,55
LF:9
LH:9
BRF:0
BRH:0
end_of_record
TN:
SF:/home/pipo/Documents/autoecole/auto-ecole_backend/middleware/validateObjectId.js
FN:3,(anonymous_0)
FNF:1
FNH:1
FNDA:25,(anonymous_0)
DA:1,6
DA:2,6
DA:3,6
DA:4,25
DA:5,1
DA:6,1
DA:8,24
LF:7
LH:7
BRDA:4,0,0,1
BRDA:4,0,1,24
BRF:2
BRH:2
end_of_record
TN:
SF:/home/pipo/Documents/autoecole/auto-ecole_backend/model/absence.js
FN:45,validateReservationSchema
FNF:1
FNH:0
FNDA:0,validateReservationSchema
DA:1,5
DA:2,5
DA:3,5
DA:4,5
DA:6,5
DA:43,5
DA:46,0
DA:54,0
DA:57,5
DA:58,5
DA:59,5
LF:11
LH:9
BRF:0
BRH:0
end_of_record
TN:
SF:/home/pipo/Documents/autoecole/auto-ecole_backend/model/agency.js
FN:84,validateSchema
FNF:1
FNH:1
FNDA:2,validateSchema
DA:1,5
DA:2,5
DA:3,5
DA:4,5
DA:7,5
DA:82,5
DA:85,2
DA:98,2
DA:101,5
DA:102,5
DA:103,5
LF:11
LH:11
BRF:0
BRH:0
end_of_record
TN:
SF:/home/pipo/Documents/autoecole/auto-ecole_backend/model/breakdown.js
FN:82,validatebreakdownSchema
FNF:1
FNH:0
FNDA:0,validatebreakdownSchema
DA:1,5
DA:2,5
DA:3,5
DA:4,5
DA:7,5
DA:79,5
DA:83,0
DA:90,0
DA:97,5
DA:98,5
DA:99,5
LF:11
LH:9
BRF:0
BRH:0
end_of_record
TN:
SF:/home/pipo/Documents/autoecole/auto-ecole_backend/model/car.js
FN:59,validateSchema
FNF:1
FNH:1
FNDA:6,validateSchema
DA:1,5
DA:2,5
DA:4,5
DA:6,5
DA:57,5
DA:60,6
DA:70,6
DA:73,5
DA:74,5
DA:75,5
DA:76,5
LF:11
LH:11
BRF:0
BRH:0
end_of_record
TN:
SF:/home/pipo/Documents/autoecole/auto-ecole_backend/model/client.js
FN:116,(anonymous_0)
FN:118,(anonymous_1)
FN:128,(anonymous_2)
FN:163,validateSchema
FN:223,checkFileExists
FN:224,(anonymous_5)
FN:225,(anonymous_6)
FNF:7
FNH:7
FNDA:1,(anonymous_0)
FNDA:1,(anonymous_1)
FNDA:12,(anonymous_2)
FNDA:6,validateSchema
FNDA:1,checkFileExists
FNDA:1,(anonymous_5)
FNDA:1,(anonymous_6)
DA:1,6
DA:2,6
DA:3,6
DA:4,6
DA:5,6
DA:6,6
DA:11,6
DA:116,6
DA:117,1
DA:118,1
DA:119,1
DA:122,0
DA:123,0
DA:124,0
DA:128,6
DA:129,12
DA:130,12
DA:133,0
DA:134,0
DA:135,0
DA:139,6
DA:142,6
DA:160,6
DA:164,6
DA:220,6
DA:224,1
DA:225,1
DA:226,1
DA:230,6
DA:231,6
DA:232,6
DA:233,6
DA:234,6
LF:33
LH:27
BRDA:119,0,0,0
BRDA:119,0,1,1
BRDA:119,1,0,1
BRDA:119,1,1,1
BRDA:119,1,2,0
BRDA:119,1,3,0
BRDA:130,2,0,0
BRDA:130,2,1,12
BRDA:130,3,0,12
BRDA:130,3,1,3
BRDA:130,3,2,1
BRDA:130,3,3,0
BRF:12
BRH:7
end_of_record
TN:
SF:/home/pipo/Documents/autoecole/auto-ecole_backend/model/exam.js
FN:118,validatesScheduled
FN:130,succeedExam
FN:138,failedExam
FN:147,validateUpdate
FNF:4
FNH:0
FNDA:0,validatesScheduled
FNDA:0,succeedExam
FNDA:0,failedExam
FNDA:0,validateUpdate
DA:1,5
DA:2,5
DA:3,5
DA:5,5
DA:6,5
DA:9,5
DA:116,5
DA:119,0
DA:127,0
DA:131,0
DA:135,0
DA:139,0
DA:143,0
DA:148,0
DA:160,0
DA:163,5
DA:164,5
DA:165,5
DA:166,5
DA:167,5
DA:168,5
DA:169,5
LF:22
LH:14
BRF:0
BRH:0
end_of_record
TN:
SF:/home/pipo/Documents/autoecole/auto-ecole_backend/model/manager.js
FN:35,validateSchema
FNF:1
FNH:0
FNDA:0,validateSchema
DA:1,5
DA:2,5
DA:3,5
DA:4,5
DA:33,5
DA:36,0
DA:52,0
DA:55,5
DA:56,5
DA:57,5
LF:10
LH:8
BRF:0
BRH:0
end_of_record
TN:
SF:/home/pipo/Documents/autoecole/auto-ecole_backend/model/monitor.js
FN:123,validateSchema
FNF:1
FNH:1
FNDA:5,validateSchema
DA:1,5
DA:2,5
DA:3,5
DA:5,5
DA:7,5
DA:121,5
DA:124,5
DA:172,5
DA:175,5
DA:176,5
DA:177,5
DA:178,5
LF:12
LH:12
BRF:0
BRH:0
end_of_record
TN:
SF:/home/pipo/Documents/autoecole/auto-ecole_backend/model/notif.js
FNF:0
FNH:0
DA:1,6
DA:4,6
DA:27,6
DA:29,6
LF:4
LH:4
BRF:0
BRH:0
end_of_record
TN:
SF:/home/pipo/Documents/autoecole/auto-ecole_backend/model/session.js
FN:125,(anonymous_0)
FN:127,(anonymous_1)
FN:138,(anonymous_2)
FN:151,validateReservationSchema
FN:171,validateApproveSchema
FN:180,validateUpdateSchema
FNF:6
FNH:3
FNDA:4,(anonymous_0)
FNDA:2,(anonymous_1)
FNDA:0,(anonymous_2)
FNDA:12,validateReservationSchema
FNDA:0,validateApproveSchema
FNDA:0,validateUpdateSchema
DA:1,5
DA:2,5
DA:3,5
DA:4,5
DA:5,5
DA:6,5
DA:8,5
DA:125,5
DA:126,4
DA:127,4
DA:128,2
DA:130,0
DA:131,0
DA:132,0
DA:133,0
DA:138,5
DA:139,0
DA:140,0
DA:142,0
DA:143,0
DA:144,0
DA:145,0
DA:149,5
DA:152,12
DA:168,12
DA:172,0
DA:177,0
DA:181,0
DA:187,0
DA:191,5
DA:192,5
DA:193,5
DA:194,5
DA:195,5
DA:196,5
LF:35
LH:21
BRDA:128,0,0,0
BRDA:128,0,1,2
BRDA:128,1,0,2
BRDA:128,1,1,0
BRDA:140,2,0,0
BRDA:140,2,1,0
BRDA:140,3,0,0
BRDA:140,3,1,0
BRF:8
BRH:2
end_of_record
TN:
SF:/home/pipo/Documents/autoecole/auto-ecole_backend/routes/absences.js
FN:14,(anonymous_0)
FN:19,(anonymous_1)
FN:26,(anonymous_2)
FN:57,(anonymous_3)
FNF:4
FNH:0
FNDA:0,(anonymous_0)
FNDA:0,(anonymous_1)
FNDA:0,(anonymous_2)
FNDA:0,(anonymous_3)
DA:1,5
DA:2,5
DA:3,5
DA:4,5
DA:5,5
DA:6,5
DA:7,5
DA:8,5
DA:9,5
DA:10,5
DA:11,5
DA:14,5
DA:15,0
DA:19,5
DA:20,0
DA:21,0
DA:22,0
DA:26,5
DA:27,0
DA:29,0
DA:30,0
DA:32,0
DA:33,0
DA:35,0
DA:36,0
DA:42,0
DA:51,0
DA:52,0
DA:53,0
DA:57,5
DA:58,0
DA:60,0
DA:61,0
DA:64,5
LF:34
LH:16
BRDA:21,0,0,0
BRDA:21,0,1,0
BRDA:30,1,0,0
BRDA:30,1,1,0
BRDA:33,2,0,0
BRDA:33,2,1,0
BRDA:36,3,0,0
BRDA:36,3,1,0
BRDA:60,4,0,0
BRDA:60,4,1,0
BRF:10
BRH:0
end_of_record
TN:
SF:/home/pipo/Documents/autoecole/auto-ecole_backend/routes/agencys.js
FN:10,(anonymous_0)
FN:14,(anonymous_1)
FNF:2
FNH:2
FNDA:1,(anonymous_0)
FNDA:2,(anonymous_1)
DA:1,5
DA:2,5
DA:3,5
DA:4,5
DA:5,5
DA:6,5
DA:7,5
DA:8,5
DA:10,5
DA:11,1
DA:14,5
DA:16,2
DA:17,2
DA:19,2
DA:20,2
DA:21,2
DA:22,2
DA:23,2
DA:30,2
DA:36,2
DA:37,2
DA:38,2
DA:39,2
DA:43,5
LF:24
LH:24
BRDA:17,0,0,0
BRDA:17,0,1,2
BRF:2
BRH:1
end_of_record
TN:
SF:/home/pipo/Documents/autoecole/auto-ecole_backend/routes/authentication.js
FN:12,(anonymous_0)
FN:39,(anonymous_1)
FN:47,validate
FN:55,generateAuthToken
FNF:4
FNH:0
FNDA:0,(anonymous_0)
FNDA:0,(anonymous_1)
FNDA:0,validate
FNDA:0,generateAuthToken
DA:1,5
DA:2,5
DA:3,5
DA:4,5
DA:5,5
DA:6,5
DA:7,5
DA:8,5
DA:9,5
DA:10,5
DA:12,5
DA:13,0
DA:15,0
DA:16,0
DA:19,0
DA:20,0
DA:21,0
DA:22,0
DA:25,0
DA:26,0
DA:27,0
DA:28,0
DA:31,0
DA:32,0
DA:33,0
DA:35,0
DA:39,5
DA:48,0
DA:52,0
DA:56,0
DA:65,5
LF:31
LH:13
BRDA:16,0,0,0
BRDA:16,0,1,0
BRDA:20,1,0,0
BRDA:20,1,1,0
BRDA:20,2,0,0
BRDA:20,2,1,0
BRDA:26,3,0,0
BRDA:26,3,1,0
BRDA:26,4,0,0
BRDA:26,4,1,0
BRDA:32,5,0,0
BRDA:32,5,1,0
BRDA:32,6,0,0
BRDA:32,6,1,0
BRF:14
BRH:0
end_of_record
TN:
SF:/home/pipo/Documents/autoecole/auto-ecole_backend/routes/breakdowns.js
FN:13,(anonymous_0)
FN:18,(anonymous_1)
FN:27,(anonymous_2)
FN:62,(anonymous_3)
FN:69,(anonymous_4)
FN:92,(anonymous_5)
FNF:6
FNH:0
FNDA:0,(anonymous_0)
FNDA:0,(anonymous_1)
FNDA:0,(anonymous_2)
FNDA:0,(anonymous_3)
FNDA:0,(anonymous_4)
FNDA:0,(anonymous_5)
DA:1,5
DA:2,5
DA:3,5
DA:4,5
DA:5,5
DA:6,5
DA:7,5
DA:8,5
DA:9,5
DA:13,5
DA:14,0
DA:18,5
DA:19,0
DA:20,0
DA:21,0
DA:27,5
DA:28,0
DA:30,0
DA:31,0
DA:33,0
DA:34,0
DA:36,0
DA:37,0
DA:40,0
DA:43,0
DA:48,0
DA:57,0
DA:58,0
DA:62,5
DA:63,0
DA:65,0
DA:66,0
DA:69,5
DA:70,0
DA:75,0
DA:76,0
DA:80,0
DA:81,0
DA:82,0
DA:83,0
DA:86,0
DA:89,0
DA:90,0
DA:92,5
DA:93,0
DA:95,0
DA:96,0
DA:99,0
DA:100,0
DA:101,0
DA:102,0
DA:103,0
DA:104,0
DA:105,0
DA:109,5
LF:55
LH:16
BRDA:20,0,0,0
BRDA:20,0,1,0
BRDA:31,1,0,0
BRDA:31,1,1,0
BRDA:34,2,0,0
BRDA:34,2,1,0
BRDA:37,3,0,0
BRDA:37,3,1,0
BRDA:43,4,0,0
BRDA:43,4,1,0
BRDA:65,5,0,0
BRDA:65,5,1,0
BRDA:76,6,0,0
BRDA:76,6,1,0
BRDA:81,7,0,0
BRDA:81,7,1,0
BRDA:96,8,0,0
BRDA:96,8,1,0
BRF:18
BRH:0
end_of_record
TN:
SF:/home/pipo/Documents/autoecole/auto-ecole_backend/routes/cars.js
FN:9,(anonymous_0)
FN:14,(anonymous_1)
FN:21,(anonymous_2)
FN:37,(anonymous_3)
FN:54,(anonymous_4)
FNF:5
FNH:4
FNDA:0,(anonymous_0)
FNDA:1,(anonymous_1)
FNDA:3,(anonymous_2)
FNDA:3,(anonymous_3)
FNDA:2,(anonymous_4)
DA:1,5
DA:2,5
DA:3,5
DA:4,5
DA:5,5
DA:6,5
DA:9,5
DA:10,0
DA:14,5
DA:15,1
DA:16,1
DA:17,0
DA:21,5
DA:23,3
DA:24,3
DA:26,2
DA:27,2
DA:30,1
DA:31,1
DA:32,1
DA:33,1
DA:37,5
DA:38,3
DA:39,3
DA:41,3
DA:42,3
DA:44,3
DA:45,3
DA:47,2
DA:49,2
DA:50,1
DA:54,5
DA:55,2
DA:57,2
DA:58,1
DA:60,5
LF:36
LH:34
BRDA:16,0,0,1
BRDA:16,0,1,0
BRDA:24,1,0,1
BRDA:24,1,1,2
BRDA:27,2,0,1
BRDA:27,2,1,1
BRDA:42,3,0,0
BRDA:42,3,1,3
BRDA:45,4,0,1
BRDA:45,4,1,2
BRDA:49,5,0,1
BRDA:49,5,1,1
BRDA:57,6,0,1
BRDA:57,6,1,1
BRF:14
BRH:12
end_of_record
TN:
SF:/home/pipo/Documents/autoecole/auto-ecole_backend/routes/clients.js
FN:21,(anonymous_0)
FN:26,(anonymous_1)
FN:33,(anonymous_2)
FN:73,(anonymous_3)
FN:90,(anonymous_4)
FN:116,(anonymous_5)
FN:124,(anonymous_6)
FN:134,(anonymous_7)
FN:152,(anonymous_8)
FN:171,(anonymous_9)
FN:193,(anonymous_10)
FNF:11
FNH:9
FNDA:1,(anonymous_0)
FNDA:0,(anonymous_1)
FNDA:3,(anonymous_2)
FNDA:3,(anonymous_3)
FNDA:1,(anonymous_4)
FNDA:2,(anonymous_5)
FNDA:2,(anonymous_6)
FNDA:3,(anonymous_7)
FNDA:0,(anonymous_8)
FNDA:3,(anonymous_9)
FNDA:2,(anonymous_10)
DA:1,5
DA:2,5
DA:3,5
DA:4,5
DA:5,5
DA:6,5
DA:7,5
DA:8,5
DA:9,5
DA:10,5
DA:11,5
DA:12,5
DA:13,5
DA:14,5
DA:15,5
DA:18,5
DA:21,5
DA:22,1
DA:26,5
DA:27,0
DA:28,0
DA:29,0
DA:33,5
DA:34,3
DA:36,3
DA:37,3
DA:41,3
DA:42,3
DA:44,1
DA:45,1
DA:46,1
DA:49,1
DA:54,1
DA:55,1
DA:61,0
DA:64,1
DA:68,1
DA:69,1
DA:73,5
DA:75,3
DA:76,3
DA:78,2
DA:79,2
DA:82,0
DA:84,0
DA:85,0
DA:86,0
DA:90,5
DA:92,1
DA:97,1
DA:101,1
DA:102,1
DA:104,0
DA:105,0
DA:106,0
DA:108,0
DA:109,0
DA:112,0
DA:116,5
DA:117,2
DA:119,2
DA:120,1
DA:124,5
DA:125,2
DA:127,2
DA:128,0
DA:129,0
DA:130,0
DA:134,5
DA:135,3
DA:137,3
DA:138,3
DA:140,2
DA:141,2
DA:143,0
DA:145,0
DA:146,0
DA:147,0
DA:148,0
DA:152,5
DA:153,0
DA:155,0
DA:157,0
DA:158,0
DA:160,0
DA:161,0
DA:163,0
DA:167,0
DA:171,5
DA:172,3
DA:174,3
DA:176,2
DA:177,2
DA:179,1
DA:183,1
DA:185,1
DA:189,1
DA:193,5
DA:194,2
DA:196,2
DA:197,2
DA:199,1
DA:202,1
DA:206,0
DA:207,0
DA:209,0
DA:210,0
DA:211,0
DA:212,0
DA:213,0
DA:215,5
LF:111
LH:74
BRDA:28,0,0,0
BRDA:28,0,1,0
BRDA:37,1,0,0
BRDA:37,1,1,3
BRDA:42,2,0,2
BRDA:42,2,1,1
BRDA:76,3,0,1
BRDA:76,3,1,2
BRDA:79,4,0,2
BRDA:79,4,1,0
BRDA:84,5,0,0
BRDA:84,5,1,0
BRDA:97,6,0,0
BRDA:97,6,1,1
BRDA:102,7,0,1
BRDA:102,7,1,0
BRDA:104,8,0,0
BRDA:104,8,1,0
BRDA:119,9,0,1
BRDA:119,9,1,1
BRDA:127,10,0,2
BRDA:127,10,1,0
BRDA:138,11,0,1
BRDA:138,11,1,2
BRDA:141,12,0,2
BRDA:141,12,1,0
BRDA:143,13,0,0
BRDA:143,13,1,0
BRDA:155,14,0,0
BRDA:155,14,1,0
BRDA:158,15,0,0
BRDA:158,15,1,0
BRDA:161,16,0,0
BRDA:161,16,1,0
BRDA:174,17,0,1
BRDA:174,17,1,2
BRDA:177,18,0,1
BRDA:177,18,1,1
BRDA:197,19,0,1
BRDA:197,19,1,1
BRDA:202,20,0,1
BRDA:202,20,1,0
BRDA:207,21,0,0
BRDA:207,21,1,0
BRF:44
BRH:21
end_of_record
TN:
SF:/home/pipo/Documents/autoecole/auto-ecole_backend/routes/document.js
FN:12,(anonymous_0)
FN:30,(anonymous_1)
FN:42,(anonymous_2)
FN:61,(anonymous_3)
FN:73,(anonymous_4)
FN:90,(anonymous_5)
FN:104,(anonymous_6)
FN:105,(anonymous_7)
FN:120,(anonymous_8)
FN:125,(anonymous_9)
FN:142,(anonymous_10)
FN:155,(anonymous_11)
FN:156,(anonymous_12)
FN:171,(anonymous_13)
FNF:14
FNH:0
FNDA:0,(anonymous_0)
FNDA:0,(anonymous_1)
FNDA:0,(anonymous_2)
FNDA:0,(anonymous_3)
FNDA:0,(anonymous_4)
FNDA:0,(anonymous_5)
FNDA:0,(anonymous_6)
FNDA:0,(anonymous_7)
FNDA:0,(anonymous_8)
FNDA:0,(anonymous_9)
FNDA:0,(anonymous_10)
FNDA:0,(anonymous_11)
FNDA:0,(anonymous_12)
FNDA:0,(anonymous_13)
DA:1,5
DA:2,5
DA:3,5
DA:4,5
DA:5,5
DA:6,5
DA:7,5
DA:8,5
DA:9,5
DA:10,5
DA:12,5
DA:14,0
DA:15,0
DA:18,0
DA:19,0
DA:22,0
DA:23,0
DA:27,0
DA:30,0
DA:31,0
DA:32,0
DA:33,0
DA:35,0
DA:36,0
DA:42,5
DA:45,0
DA:46,0
DA:49,0
DA:50,0
DA:53,0
DA:54,0
DA:58,0
DA:61,0
DA:62,0
DA:63,0
DA:64,0
DA:66,0
DA:67,0
DA:73,5
DA:74,0
DA:76,0
DA:78,0
DA:79,0
DA:80,0
DA:82,0
DA:88,0
DA:90,0
DA:91,0
DA:92,0
DA:99,0
DA:103,0
DA:104,0
DA:106,0
DA:111,0
DA:112,0
DA:114,0
DA:115,0
DA:116,0
DA:117,0
DA:118,0
DA:120,0
DA:121,0
DA:125,5
DA:126,0
DA:128,0
DA:130,0
DA:131,0
DA:132,0
DA:134,0
DA:140,0
DA:142,0
DA:143,0
DA:144,0
DA:151,0
DA:154,0
DA:155,0
DA:157,0
DA:162,0
DA:163,0
DA:165,0
DA:166,0
DA:167,0
DA:168,0
DA:169,0
DA:171,0
DA:172,0
DA:176,5
LF:87
LH:15
BRDA:14,0,0,0
BRDA:14,0,1,0
BRDA:18,1,0,0
BRDA:18,1,1,0
BRDA:22,2,0,0
BRDA:22,2,1,0
BRDA:31,3,0,0
BRDA:31,3,1,0
BRDA:45,4,0,0
BRDA:45,4,1,0
BRDA:49,5,0,0
BRDA:49,5,1,0
BRDA:53,6,0,0
BRDA:53,6,1,0
BRDA:62,7,0,0
BRDA:62,7,1,0
BRDA:91,8,0,0
BRDA:91,8,1,0
BRDA:143,9,0,0
BRDA:143,9,1,0
BRF:20
BRH:0
end_of_record
TN:
SF:/home/pipo/Documents/autoecole/auto-ecole_backend/routes/exams.js
FN:17,(anonymous_0)
FN:22,(anonymous_1)
FN:32,(anonymous_2)
FN:67,(anonymous_3)
FN:90,(anonymous_4)
FN:107,(anonymous_5)
FN:124,(anonymous_6)
FNF:7
FNH:0
FNDA:0,(anonymous_0)
FNDA:0,(anonymous_1)
FNDA:0,(anonymous_2)
FNDA:0,(anonymous_3)
FNDA:0,(anonymous_4)
FNDA:0,(anonymous_5)
FNDA:0,(anonymous_6)
DA:4,5
DA:5,5
DA:6,5
DA:7,5
DA:8,5
DA:9,5
DA:10,5
DA:11,5
DA:12,5
DA:13,5
DA:14,5
DA:15,5
DA:17,5
DA:18,0
DA:22,5
DA:23,0
DA:24,0
DA:25,0
DA:32,5
DA:33,0
DA:35,0
DA:36,0
DA:38,0
DA:39,0
DA:41,0
DA:42,0
DA:44,0
DA:45,0
DA:47,0
DA:48,0
DA:50,0
DA:58,0
DA:60,0
DA:62,0
DA:64,0
DA:67,5
DA:68,0
DA:70,0
DA:71,0
DA:73,0
DA:74,0
DA:76,0
DA:77,0
DA:80,0
DA:81,0
DA:83,0
DA:84,0
DA:85,0
DA:86,0
DA:87,0
DA:90,5
DA:91,0
DA:93,0
DA:94,0
DA:96,0
DA:97,0
DA:99,0
DA:101,0
DA:102,0
DA:103,0
DA:104,0
DA:107,5
DA:108,0
DA:112,0
DA:113,0
DA:115,0
DA:117,0
DA:119,0
DA:120,0
DA:124,5
DA:126,0
DA:127,0
DA:129,0
DA:130,0
DA:132,0
DA:133,0
DA:135,0
DA:136,0
DA:138,0
DA:139,0
DA:141,0
DA:143,0
DA:144,0
DA:147,5
LF:84
LH:20
BRDA:24,0,0,0
BRDA:24,0,1,0
BRDA:36,1,0,0
BRDA:36,1,1,0
BRDA:39,2,0,0
BRDA:39,2,1,0
BRDA:42,3,0,0
BRDA:42,3,1,0
BRDA:45,4,0,0
BRDA:45,4,1,0
BRDA:48,5,0,0
BRDA:48,5,1,0
BRDA:71,6,0,0
BRDA:71,6,1,0
BRDA:74,7,0,0
BRDA:74,7,1,0
BRDA:77,8,0,0
BRDA:77,8,1,0
BRDA:94,9,0,0
BRDA:94,9,1,0
BRDA:97,10,0,0
BRDA:97,10,1,0
BRDA:99,11,0,0
BRDA:99,11,1,0
BRDA:113,12,0,0
BRDA:113,12,1,0
BRDA:115,13,0,0
BRDA:115,13,1,0
BRDA:127,14,0,0
BRDA:127,14,1,0
BRDA:130,15,0,0
BRDA:130,15,1,0
BRDA:133,16,0,0
BRDA:133,16,1,0
BRDA:136,17,0,0
BRDA:136,17,1,0
BRDA:139,18,0,0
BRDA:139,18,1,0
BRDA:143,19,0,0
BRDA:143,19,1,0
BRF:40
BRH:0
end_of_record
TN:
SF:/home/pipo/Documents/autoecole/auto-ecole_backend/routes/managers.js
FN:15,(anonymous_0)
FN:20,(anonymous_1)
FN:27,(anonymous_2)
FN:55,(anonymous_3)
FNF:4
FNH:0
FNDA:0,(anonymous_0)
FNDA:0,(anonymous_1)
FNDA:0,(anonymous_2)
FNDA:0,(anonymous_3)
DA:2,5
DA:3,5
DA:4,5
DA:5,5
DA:6,5
DA:7,5
DA:8,5
DA:9,5
DA:10,5
DA:11,5
DA:12,5
DA:15,5
DA:16,0
DA:20,5
DA:21,0
DA:22,0
DA:23,0
DA:27,5
DA:29,0
DA:30,0
DA:33,0
DA:34,0
DA:36,0
DA:38,0
DA:39,0
DA:40,0
DA:41,0
DA:42,0
DA:43,0
DA:44,0
DA:50,0
DA:51,0
DA:55,5
DA:57,0
DA:61,0
DA:63,0
DA:64,0
DA:66,0
DA:67,0
DA:68,0
DA:70,0
DA:71,0
DA:74,0
DA:77,5
LF:44
LH:16
BRDA:22,0,0,0
BRDA:22,0,1,0
BRDA:30,1,0,0
BRDA:30,1,1,0
BRDA:34,2,0,0
BRDA:34,2,1,0
BRDA:61,3,0,0
BRDA:61,3,1,0
BRDA:64,4,0,0
BRDA:64,4,1,0
BRDA:66,5,0,0
BRDA:66,5,1,0
BRF:12
BRH:0
end_of_record
TN:
SF:/home/pipo/Documents/autoecole/auto-ecole_backend/routes/monitors.js
FN:14,(anonymous_0)
FN:19,(anonymous_1)
FN:26,(anonymous_2)
FN:57,(anonymous_3)
FN:81,(anonymous_4)
FN:98,(anonymous_5)
FNF:6
FNH:5
FNDA:0,(anonymous_0)
FNDA:1,(anonymous_1)
FNDA:3,(anonymous_2)
FNDA:2,(anonymous_3)
FNDA:2,(anonymous_4)
FNDA:1,(anonymous_5)
DA:1,5
DA:2,5
DA:3,5
DA:4,5
DA:5,5
DA:6,5
DA:7,5
DA:8,5
DA:9,5
DA:10,5
DA:11,5
DA:14,5
DA:15,0
DA:19,5
DA:20,1
DA:21,1
DA:22,0
DA:26,5
DA:28,3
DA:29,3
DA:32,2
DA:33,2
DA:35,1
DA:37,1
DA:38,1
DA:40,1
DA:41,1
DA:42,1
DA:44,1
DA:46,0
DA:52,0
DA:53,0
DA:57,5
DA:59,2
DA:64,2
DA:66,2
DA:67,2
DA:69,1
DA:70,0
DA:71,0
DA:73,0
DA:74,0
DA:77,1
DA:81,5
DA:83,2
DA:84,2
DA:88,2
DA:89,2
DA:91,1
DA:93,1
DA:94,0
DA:98,5
DA:99,1
DA:101,1
DA:102,0
DA:104,5
LF:56
LH:45
BRDA:21,0,0,1
BRDA:21,0,1,0
BRDA:29,1,0,1
BRDA:29,1,1,2
BRDA:33,2,0,1
BRDA:33,2,1,1
BRDA:64,3,0,0
BRDA:64,3,1,2
BRDA:67,4,0,1
BRDA:67,4,1,1
BRDA:69,5,0,0
BRDA:69,5,1,1
BRDA:84,6,0,0
BRDA:84,6,1,2
BRDA:89,7,0,1
BRDA:89,7,1,1
BRDA:93,8,0,1
BRDA:93,8,1,0
BRDA:101,9,0,1
BRDA:101,9,1,0
BRF:20
BRH:14
end_of_record
TN:
SF:/home/pipo/Documents/autoecole/auto-ecole_backend/routes/notifs.js
FN:6,(anonymous_0)
FN:10,(anonymous_1)
FN:14,(anonymous_2)
FN:18,(anonymous_3)
FNF:4
FNH:0
FNDA:0,(anonymous_0)
FNDA:0,(anonymous_1)
FNDA:0,(anonymous_2)
FNDA:0,(anonymous_3)
DA:1,5
DA:2,5
DA:3,5
DA:4,5
DA:6,5
DA:7,0
DA:10,5
DA:11,0
DA:14,5
DA:15,0
DA:18,5
DA:19,0
DA:20,0
DA:21,0
DA:22,0
DA:25,5
LF:16
LH:9
BRF:0
BRH:0
end_of_record
TN:
SF:/home/pipo/Documents/autoecole/auto-ecole_backend/routes/sessions.js
FN:19,(anonymous_0)
FN:24,(anonymous_1)
FN:31,(anonymous_2)
FN:37,(anonymous_3)
FN:42,(anonymous_4)
FN:126,(anonymous_5)
FN:184,(anonymous_6)
FN:194,(anonymous_7)
FN:271,(anonymous_8)
FN:285,(anonymous_9)
FNF:10
FNH:3
FNDA:1,(anonymous_0)
FNDA:0,(anonymous_1)
FNDA:1,(anonymous_2)
FNDA:0,(anonymous_3)
FNDA:12,(anonymous_4)
FNDA:0,(anonymous_5)
FNDA:0,(anonymous_6)
FNDA:0,(anonymous_7)
FNDA:0,(anonymous_8)
FNDA:0,(anonymous_9)
DA:1,5
DA:2,5
DA:3,5
DA:4,5
DA:5,5
DA:6,5
DA:7,5
DA:8,5
DA:9,5
DA:10,5
DA:11,5
DA:12,5
DA:15,5
DA:16,5
DA:19,5
DA:20,1
DA:24,5
DA:25,0
DA:26,0
DA:27,0
DA:31,5
DA:32,1
DA:33,1
DA:37,5
DA:38,0
DA:42,5
DA:43,12
DA:45,12
DA:46,12
DA:48,11
DA:49,11
DA:51,2
DA:52,2
DA:54,1
DA:55,0
DA:57,1
DA:67,1
DA:68,1
DA:69,0
DA:72,1
DA:77,1
DA:79,1
DA:80,1
DA:82,1
DA:92,1
DA:94,1
DA:96,0
DA:97,0
DA:99,0
DA:109,0
DA:111,0
DA:114,0
DA:115,0
DA:118,0
DA:120,0
DA:122,0
DA:126,5
DA:127,0
DA:129,0
DA:130,0
DA:132,0
DA:133,0
DA:135,0
DA:136,0
DA:138,0
DA:139,0
DA:141,0
DA:150,0
DA:152,0
DA:154,0
DA:155,0
DA:157,0
DA:166,0
DA:168,0
DA:171,0
DA:172,0
DA:173,0
DA:174,0
DA:176,0
DA:177,0
DA:178,0
DA:184,5
DA:185,0
DA:187,0
DA:188,0
DA:190,0
DA:191,0
DA:193,0
DA:194,0
DA:195,0
DA:198,0
DA:202,0
DA:204,0
DA:208,0
DA:210,0
DA:214,0
DA:216,0
DA:217,0
DA:218,0
DA:220,0
DA:224,0
DA:227,0
DA:228,0
DA:229,0
DA:231,0
DA:235,0
DA:238,0
DA:239,0
DA:240,0
DA:241,0
DA:242,0
DA:246,0
DA:248,0
DA:250,0
DA:252,0
DA:254,0
DA:257,0
DA:259,0
DA:260,0
DA:263,0
DA:264,0
DA:265,0
DA:267,0
DA:271,5
DA:272,0
DA:273,0
DA:275,0
DA:277,0
DA:278,0
DA:279,0
DA:281,0
DA:285,5
DA:287,0
DA:288,0
DA:290,0
DA:291,0
DA:292,0
DA:295,0
DA:297,0
DA:298,0
DA:300,0
DA:301,0
DA:302,0
DA:303,0
DA:307,0
DA:308,0
DA:310,0
DA:313,5
LF:148
LH:45
BRDA:26,0,0,0
BRDA:26,0,1,0
BRDA:46,1,0,1
BRDA:46,1,1,11
BRDA:49,2,0,9
BRDA:49,2,1,2
BRDA:52,3,0,1
BRDA:52,3,1,1
BRDA:54,4,0,0
BRDA:54,4,1,1
BRDA:54,5,0,1
BRDA:54,5,1,1
BRDA:68,6,0,0
BRDA:68,6,1,1
BRDA:77,7,0,1
BRDA:77,7,1,0
BRDA:80,8,0,0
BRDA:80,8,1,1
BRDA:94,9,0,1
BRDA:94,9,1,0
BRDA:97,10,0,0
BRDA:97,10,1,0
BRDA:111,11,0,0
BRDA:111,11,1,0
BRDA:130,12,0,0
BRDA:130,12,1,0
BRDA:133,13,0,0
BRDA:133,13,1,0
BRDA:136,14,0,0
BRDA:136,14,1,0
BRDA:139,15,0,0
BRDA:139,15,1,0
BRDA:152,16,0,0
BRDA:152,16,1,0
BRDA:155,17,0,0
BRDA:155,17,1,0
BRDA:168,18,0,0
BRDA:168,18,1,0
BRDA:188,19,0,0
BRDA:188,19,1,0
BRDA:191,20,0,0
BRDA:191,20,1,0
BRDA:194,21,0,0
BRDA:194,21,1,0
BRDA:198,22,0,0
BRDA:198,22,1,0
BRDA:204,23,0,0
BRDA:204,23,1,0
BRDA:210,24,0,0
BRDA:210,24,1,0
BRDA:218,25,0,0
BRDA:218,25,1,0
BRDA:224,26,0,0
BRDA:224,26,1,0
BRDA:229,27,0,0
BRDA:229,27,1,0
BRDA:235,28,0,0
BRDA:235,28,1,0
BRDA:239,29,0,0
BRDA:239,29,1,0
BRDA:240,30,0,0
BRDA:240,30,1,0
BRDA:241,31,0,0
BRDA:241,31,1,0
BRDA:246,32,0,0
BRDA:246,32,1,0
BRDA:252,33,0,0
BRDA:252,33,1,0
BRDA:257,34,0,0
BRDA:257,34,1,0
BRDA:263,35,0,0
BRDA:263,35,1,0
BRDA:275,36,0,0
BRDA:275,36,1,0
BRDA:277,37,0,0
BRDA:277,37,1,0
BRDA:288,38,0,0
BRDA:288,38,1,0
BRDA:290,39,0,0
BRDA:290,39,1,0
BRDA:295,40,0,0
BRDA:295,40,1,0
BRDA:298,41,0,0
BRDA:298,41,1,0
BRDA:307,42,0,0
BRDA:307,42,1,0
BRF:86
BRH:13
end_of_record
TN:
SF:/home/pipo/Documents/autoecole/auto-ecole_backend/startup/config.js
FN:3,(anonymous_0)
FNF:1
FNH:1
FNDA:5,(anonymous_0)
DA:1,5
DA:3,5
DA:5,5
DA:6,0
DA:9,5
DA:10,0
LF:6
LH:4
BRDA:5,0,0,0
BRDA:5,0,1,5
BRDA:9,1,0,0
BRDA:9,1,1,5
BRF:4
BRH:2
end_of_record
TN:
SF:/home/pipo/Documents/autoecole/auto-ecole_backend/startup/db.js
FN:4,(anonymous_0)
FN:12,(anonymous_1)
FNF:2
FNH:2
FNDA:5,(anonymous_0)
FNDA:5,(anonymous_1)
DA:1,5
DA:2,5
DA:3,5
DA:4,5
DA:7,5
DA:12,5
LF:6
LH:6
BRF:0
BRH:0
end_of_record
TN:
SF:/home/pipo/Documents/autoecole/auto-ecole_backend/startup/logging.js
FN:9,(anonymous_0)
FN:35,(anonymous_1)
FN:36,(anonymous_2)
FNF:3
FNH:2
FNDA:68,(anonymous_0)
FNDA:5,(anonymous_1)
FNDA:0,(anonymous_2)
DA:1,7
DA:2,7
DA:3,7
DA:4,7
DA:5,7
DA:9,7
DA:10,68
DA:11,68
DA:14,7
DA:32,7
DA:35,7
DA:36,5
DA:37,0
LF:13
LH:12
BRDA:10,0,0,67
BRDA:10,0,1,1
BRF:2
BRH:2
end_of_record
TN:
SF:/home/pipo/Documents/autoecole/auto-ecole_backend/startup/mailer.js
FN:13,(anonymous_0)
FN:21,(anonymous_1)
FNF:2
FNH:2
FNDA:4,(anonymous_0)
FNDA:1,(anonymous_1)
DA:1,5
DA:2,5
DA:5,5
DA:13,5
DA:14,4
DA:15,4
DA:21,4
DA:22,1
DA:23,1
LF:9
LH:9
BRDA:22,0,0,0
BRDA:22,0,1,1
BRF:2
BRH:1
end_of_record
TN:
SF:/home/pipo/Documents/autoecole/auto-ecole_backend/startup/prod.js
FN:4,(anonymous_0)
FNF:1
FNH:1
FNDA:5,(anonymous_0)
DA:1,5
DA:2,5
DA:4,5
DA:5,5
DA:6,5
LF:5
LH:5
BRF:0
BRH:0
end_of_record
TN:
SF:/home/pipo/Documents/autoecole/auto-ecole_backend/startup/routes.js
FN:21,(anonymous_0)
FNF:1
FNH:1
FNDA:5,(anonymous_0)
DA:1,5
DA:2,5
DA:3,5
DA:6,5
DA:7,5
DA:8,5
DA:9,5
DA:10,5
DA:11,5
DA:12,5
DA:13,5
DA:14,5
DA:15,5
DA:16,5
DA:17,5
DA:18,5
DA:21,5
DA:24,5
DA:25,5
DA:27,5
DA:29,5
DA:30,5
DA:31,5
DA:32,5
DA:33,5
DA:34,5
DA:35,5
DA:36,5
DA:37,5
DA:38,5
DA:39,5
DA:40,5
DA:42,5
LF:33
LH:33
BRF:0
BRH:0
end_of_record
TN:
SF:/home/pipo/Documents/autoecole/auto-ecole_backend/startup/validation.js
FN:17,(anonymous_0)
FN:26,(anonymous_1)
FN:35,(anonymous_2)
FN:44,(anonymous_3)
FN:53,(anonymous_4)
FNF:5
FNH:5
FNDA:11,(anonymous_0)
FNDA:6,(anonymous_1)
FNDA:48,(anonymous_2)
FNDA:10,(anonymous_3)
FNDA:5,(anonymous_4)
DA:1,6
DA:4,6
DA:18,11
DA:19,11
DA:20,0
DA:22,11
DA:27,6
DA:28,6
DA:29,0
DA:31,6
DA:36,48
DA:37,48
DA:38,0
DA:40,48
DA:45,10
DA:46,10
DA:47,0
DA:49,10
DA:54,5
DA:55,5
DA:56,0
DA:58,5
DA:63,6
LF:23
LH:18
BRDA:19,0,0,0
BRDA:19,0,1,11
BRDA:28,1,0,0
BRDA:28,1,1,6
BRDA:37,2,0,0
BRDA:37,2,1,48
BRDA:46,3,0,0
BRDA:46,3,1,10
BRDA:55,4,0,0
BRDA:55,4,1,5
BRF:10
BRH:5
end_of_record
